[22:34:34] [main/INFO] (FabricLoader/GameProvider) Loading Minecraft 1.18.2 with Fabric Loader 0.14.10
[22:34:34] [ForkJoinPool-1-worker-5/WARN] (FabricLoader/Metadata) Mod registrate-fabric uses the version MC1.18.2-1.1.6 which isn't compatible with Loader's extended semantic version format (Could not parse version number component 'MC1'!), SemVer is recommended for reliably evaluating dependencies and prioritizing newer version
[22:34:34] [ForkJoinPool-1-worker-1/WARN] (FabricLoader/Metadata) Mod create uses the version 0.5.0g-821+1.18.2 which isn't compatible with Loader's extended semantic version format (Could not parse version number component '0g'!), SemVer is recommended for reliably evaluating dependencies and prioritizing newer version
[22:34:34] [main/INFO] (FabricLoader) Loading 72 mods:
	- cloth-basic-math 0.6.1
	- cloth-config 6.3.81
	- computercraft 1.100.8
	- create 0.5.0g-821+1.18.2
	- dripstone_fluid_lib 1.2.0
	- fabric-api 0.67.0+1.18.2
	- fabric-api-base 0.4.4+d7c144a860
	- fabric-api-lookup-api-v1 1.6.2+2373a54560
	- fabric-biome-api-v1 8.0.6+651bcc5960
	- fabric-block-api-v1 1.0.0+ee3621fc60
	- fabric-blockrenderlayer-v1 1.1.12+3ac43d9560
	- fabric-command-api-v1 1.1.9+d7c144a860
	- fabric-commands-v0 0.2.8+b4f4f6cd60
	- fabric-containers-v0 0.1.23+d7c144a860
	- fabric-content-registries-v0 3.1.1+c85f2e3860
	- fabric-convention-tags-v1 1.0.1+474e4f7960
	- fabric-crash-report-info-v1 0.2.1+ee261a3e60
	- fabric-data-generation-api-v1 3.0.2+9fcb91d260
	- fabric-dimensions-v1 2.1.20+489d6f8260
	- fabric-entity-events-v1 1.4.8+d7c144a860
	- fabric-events-interaction-v0 0.4.19+d7c144a860
	- fabric-events-lifecycle-v0 0.2.20+d7c144a860
	- fabric-game-rule-api-v1 1.0.13+d7c144a860
	- fabric-gametest-api-v1 1.0.19+91b7aa6660
	- fabric-item-api-v1 1.6.0+d8cf4e5a60
	- fabric-item-groups-v0 0.3.14+91896a4960
	- fabric-key-binding-api-v1 1.0.12+54e5b2ec60
	- fabric-keybindings-v0 0.2.10+b4f4f6cd60
	- fabric-language-kotlin 1.8.5+kotlin.1.7.20
	- fabric-lifecycle-events-v1 2.1.0+cc71601c60
	- fabric-loot-api-v2 1.1.0+1997ad1260
	- fabric-loot-tables-v1 1.1.2+e747827960
	- fabric-mining-level-api-v1 2.1.4+cc71601c60
	- fabric-models-v0 0.3.6+d7c144a860
	- fabric-networking-api-v1 1.0.23+2d30af4b60
	- fabric-networking-v0 0.3.10+b4f4f6cd60
	- fabric-object-builder-api-v1 2.1.3+032c981d60
	- fabric-particles-v1 0.2.12+526dc1ac60
	- fabric-registry-sync-v0 0.9.11+bb2e047760
	- fabric-renderer-api-v1 0.4.15+ee3621fc60
	- fabric-renderer-indigo 0.5.5+41a02c8a60
	- fabric-renderer-registries-v1 3.2.11+b4f4f6cd60
	- fabric-rendering-data-attachment-v1 0.3.8+ee3621fc60
	- fabric-rendering-fluids-v1 2.0.2+54e5b2ec60
	- fabric-rendering-v0 1.1.13+b4f4f6cd60
	- fabric-rendering-v1 1.10.7+54e5b2ec60
	- fabric-resource-conditions-api-v1 2.0.3+91b7aa6660
	- fabric-resource-loader-v0 0.5.2+446e059560
	- fabric-screen-api-v1 1.0.10+d882b91560
	- fabric-screen-handler-api-v1 1.2.2+1f6558e860
	- fabric-textures-v0 1.0.12+3ac43d9560
	- fabric-transfer-api-v1 1.6.3+f4563ac860
	- fabric-transitive-access-wideners-v1 1.1.0+e747827960
	- fabricloader 0.14.10
	- fake-player-api 0.3.0
	- flywheel 0.6.8-33
	- forge_tags 2.1
	- forgeconfigapiport 3.2.4
	- generated_b695c2b 1.0.0
	- java 17
	- lazydfu 0.1.2
	- milk 0.3.2
	- minecraft 1.18.2
	- mm 2.3
	- modmenu 3.2.3
	- porting_lib 1.2.677-beta+1.18.2
	- reach-entity-attributes 2.1.1
	- registrate-fabric MC1.18.2-1.1.6
	- serialization_hooks 0.3.23
	- sodium 0.4.1+build.15
	- valkyrienskies 2.1.0-beta.10+5e6edba8da
	- vs_buggy 1.0.0-beta.1
[22:34:35] [main/INFO] (FabricLoader/Mixin) SpongePowered MIXIN Subsystem Version=0.8.5 Source=file:/C:/Users/yacko/.gradle/caches/modules-2/files-2.1/net.fabricmc/sponge-mixin/0.11.4+mixin.0.8.5/c1dc27696aa4006e492c2485c9ccbcb26045a971/sponge-mixin-0.11.4+mixin.0.8.5.jar Service=Knot/Fabric Env=CLIENT
[22:34:35] [main/INFO] (FabricLoader/Mixin) Loaded Fabric development mappings for mixin remapper!
[22:34:35] [main/INFO] (FabricLoader/Mixin) Compatibility level set to JAVA_16
[22:34:35] [main/INFO] (FabricLoader/Mixin) Compatibility level set to JAVA_17
[22:34:35] [main/INFO] (Sodium) Loaded configuration file for Sodium: 29 options available, 0 override(s) found
[22:34:36] [main/WARN] (FabricLoader/Mixin) Error loading class: dev/ftb/mods/ftbchunks/data/ClaimedChunkManager (java.lang.ClassNotFoundException: dev/ftb/mods/ftbchunks/data/ClaimedChunkManager)
[22:34:36] [main/WARN] (FabricLoader/Mixin) Error loading class: com/sonicether/soundphysics/SoundPhysics (java.lang.ClassNotFoundException: com/sonicether/soundphysics/SoundPhysics)
[22:34:36] [main/INFO] (Sodium) Trying to switch memory allocators to work around memory leaks present with Jemalloc 5.0.0 through 5.2.0 on Windows
[22:34:37] [main/WARN] (FileUtil) Configuration conflict: there is more than one oshi.properties file on the classpath
[22:34:38] [main/WARN] (FileUtil) Configuration conflict: there is more than one oshi.architecture.properties file on the classpath
[22:34:39] [main/WARN] (FabricLoader/Mixin) Method overwrite conflict for setTranslation in flywheel.fabric.mixins.json:Matrix4fMixin from mod flywheel, previously written by io.github.fabricators_of_create.porting_lib.mixin.common.Matrix4fMixin. Skipping method.
[22:34:43] [Render thread/WARN] (FabricLoader/Mixin) @Inject(@At("INVOKE")) Shift.BY=2 on dripstone_fluid_lib.mixins.json:MinecraftClientMixin from mod dripstone_fluid_lib::handler$zij000$dripstone_fluid_lib$handleParticles exceeds the maximum allowed value: 0. Increase the value of maxShiftBy to suppress this warning.
[22:34:43] [Render thread/INFO] (Minecraft) Environment: authHost='https://authserver.mojang.com', accountsHost='https://api.mojang.com', sessionHost='https://sessionserver.mojang.com', servicesHost='https://api.minecraftservices.com', name='PROD'
[22:34:44] [Render thread/ERROR] (Minecraft) Failed to verify authentication
com.mojang.authlib.exceptions.InvalidCredentialsException: Status: 401
	at com.mojang.authlib.exceptions.MinecraftClientHttpException.toAuthenticationException(MinecraftClientHttpException.java:56) ~[authlib-3.3.39.jar:?]
	at com.mojang.authlib.yggdrasil.YggdrasilUserApiService.fetchProperties(YggdrasilUserApiService.java:132) ~[authlib-3.3.39.jar:?]
	at com.mojang.authlib.yggdrasil.YggdrasilUserApiService.<init>(YggdrasilUserApiService.java:44) ~[authlib-3.3.39.jar:?]
	at com.mojang.authlib.yggdrasil.YggdrasilAuthenticationService.createUserApiService(YggdrasilAuthenticationService.java:153) ~[authlib-3.3.39.jar:?]
	at net.minecraft.client.Minecraft.createUserApiService(Minecraft.java:680) [minecraft-project-@fabric-merged-named.jar:?]
	at net.minecraft.client.Minecraft.<init>(Minecraft.java:424) [minecraft-project-@fabric-merged-named.jar:?]
	at net.minecraft.client.main.Main.main(Main.java:197) [minecraft-project-@fabric-merged-named.jar:?]
	at net.fabricmc.loader.impl.game.minecraft.MinecraftGameProvider.launch(MinecraftGameProvider.java:461) [fabric-loader-0.14.10.jar:?]
	at net.fabricmc.loader.impl.launch.knot.Knot.launch(Knot.java:74) [fabric-loader-0.14.10.jar:?]
	at net.fabricmc.loader.impl.launch.knot.KnotClient.main(KnotClient.java:23) [fabric-loader-0.14.10.jar:?]
	at net.fabricmc.devlaunchinjector.Main.main(Main.java:86) [dev-launch-injector-0.2.1+build.8.jar:?]
	at dev.architectury.transformer.TransformerRuntime.main(TransformerRuntime.java:217) [architectury-transformer-5.2.72-runtime.jar:5.2.72]
Caused by: com.mojang.authlib.exceptions.MinecraftClientHttpException: Status: 401
	at com.mojang.authlib.minecraft.client.MinecraftClient.readInputStream(MinecraftClient.java:78) ~[authlib-3.3.39.jar:?]
	at com.mojang.authlib.minecraft.client.MinecraftClient.get(MinecraftClient.java:48) ~[authlib-3.3.39.jar:?]
	at com.mojang.authlib.yggdrasil.YggdrasilUserApiService.fetchProperties(YggdrasilUserApiService.java:113) ~[authlib-3.3.39.jar:?]
	... 10 more
[22:34:44] [Render thread/INFO] (Minecraft) Setting user: Player899
[22:34:44] [Render thread/INFO] (MM) Definitely not up to no good
[22:34:44] [Render thread/ERROR] (Minecraft) No data fixer registered for valkyrienskies:ship_mounting_entity
[22:34:46] [Render thread/INFO] (Minecraft) [STDOUT]: registering network handlers
[22:34:48] [Render thread/ERROR] (Minecraft) No data fixer registered for basic_seat
[22:34:48] [Render thread/ERROR] (Minecraft) No data fixer registered for basic_engine
[22:34:48] [Render thread/ERROR] (Minecraft) No data fixer registered for bearing
[22:34:48] [Render thread/ERROR] (Minecraft) No data fixer registered for spring
[22:34:51] [Render thread/WARN] (fabric-api-lookup-api-v1/item) Encountered duplicate API provider registration for item: minecraft:glass_bottle
[22:34:51] [Render thread/WARN] (fabric-api-lookup-api-v1/item) Encountered duplicate API provider registration for item: minecraft:bucket
[22:34:51] [Render thread/WARN] (fabric-api-lookup-api-v1/item) Encountered duplicate API provider registration for item: minecraft:bucket
[22:34:51] [Render thread/WARN] (fabric-api-lookup-api-v1/item) Encountered duplicate API provider registration for item: minecraft:glass_bottle
[22:34:51] [Render thread/WARN] (fabric-api-lookup-api-v1/item) Encountered duplicate API provider registration for item: minecraft:bucket
[22:34:51] [Render thread/ERROR] (Mod Menu) Mod forgeconfigapiport provides a broken implementation of ModMenuApi
net.fabricmc.loader.api.EntrypointException: Exception while loading entries for entrypoint 'modmenu' provided by 'forgeconfigapiport'
	at net.fabricmc.loader.impl.entrypoint.EntrypointContainerImpl.getEntrypoint(EntrypointContainerImpl.java:56) ~[fabric-loader-0.14.10.jar:?]
	at com.terraformersmc.modmenu.ModMenu.lambda$onInitializeClient$0(ModMenu.java:72) ~[modmenu-3.2.3.jar:?]
	at java.util.ArrayList.forEach(ArrayList.java:1511) ~[?:?]
	at com.terraformersmc.modmenu.ModMenu.onInitializeClient(ModMenu.java:68) ~[modmenu-3.2.3.jar:?]
	at net.fabricmc.loader.impl.entrypoint.EntrypointUtils.invoke0(EntrypointUtils.java:47) [fabric-loader-0.14.10.jar:?]
	at net.fabricmc.loader.impl.entrypoint.EntrypointUtils.invoke(EntrypointUtils.java:35) [fabric-loader-0.14.10.jar:?]
	at net.fabricmc.loader.impl.game.minecraft.Hooks.startClient(Hooks.java:53) [fabric-loader-0.14.10.jar:?]
	at net.minecraft.client.Minecraft.<init>(Minecraft.java:452) [minecraft-project-@fabric-merged-named.jar:?]
	at net.minecraft.client.main.Main.main(Main.java:197) [minecraft-project-@fabric-merged-named.jar:?]
	at net.fabricmc.loader.impl.game.minecraft.MinecraftGameProvider.launch(MinecraftGameProvider.java:461) [fabric-loader-0.14.10.jar:?]
	at net.fabricmc.loader.impl.launch.knot.Knot.launch(Knot.java:74) [fabric-loader-0.14.10.jar:?]
	at net.fabricmc.loader.impl.launch.knot.KnotClient.main(KnotClient.java:23) [fabric-loader-0.14.10.jar:?]
	at net.fabricmc.devlaunchinjector.Main.main(Main.java:86) [dev-launch-injector-0.2.1+build.8.jar:?]
	at dev.architectury.transformer.TransformerRuntime.main(TransformerRuntime.java:217) [architectury-transformer-5.2.72-runtime.jar:5.2.72]
Caused by: net.fabricmc.loader.api.LanguageAdapterException: java.lang.ClassNotFoundException: net.minecraftforge.modmenu.ConfigFactoryHandler
	at net.fabricmc.loader.impl.util.DefaultLanguageAdapter.create(DefaultLanguageAdapter.java:52) ~[fabric-loader-0.14.10.jar:?]
	at net.fabricmc.loader.impl.entrypoint.EntrypointStorage$NewEntry.getOrCreate(EntrypointStorage.java:117) ~[fabric-loader-0.14.10.jar:?]
	at net.fabricmc.loader.impl.entrypoint.EntrypointContainerImpl.getEntrypoint(EntrypointContainerImpl.java:53) ~[fabric-loader-0.14.10.jar:?]
	... 13 more
Caused by: java.lang.ClassNotFoundException: net.minecraftforge.modmenu.ConfigFactoryHandler
	at jdk.internal.loader.BuiltinClassLoader.loadClass(BuiltinClassLoader.java:641) ~[?:?]
	at java.lang.ClassLoader.loadClass(ClassLoader.java:520) ~[?:?]
	at net.fabricmc.loader.impl.launch.knot.KnotClassDelegate.loadClass(KnotClassDelegate.java:226) ~[fabric-loader-0.14.10.jar:?]
	at net.fabricmc.loader.impl.launch.knot.KnotClassLoader.loadClass(KnotClassLoader.java:145) ~[fabric-loader-0.14.10.jar:?]
	at java.lang.ClassLoader.loadClass(ClassLoader.java:520) ~[?:?]
	at java.lang.Class.forName0(Native Method) ~[?:?]
	at java.lang.Class.forName(Class.java:467) ~[?:?]
	at net.fabricmc.loader.impl.util.DefaultLanguageAdapter.create(DefaultLanguageAdapter.java:50) ~[fabric-loader-0.14.10.jar:?]
	at net.fabricmc.loader.impl.entrypoint.EntrypointStorage$NewEntry.getOrCreate(EntrypointStorage.java:117) ~[fabric-loader-0.14.10.jar:?]
	at net.fabricmc.loader.impl.entrypoint.EntrypointContainerImpl.getEntrypoint(EntrypointContainerImpl.java:53) ~[fabric-loader-0.14.10.jar:?]
	... 13 more
[22:34:52] [Render thread/INFO] (Backend) No shaders mod detected.
[22:34:52] [Render thread/INFO] (Indigo) [Indigo] Different rendering plugin detected; not applying Indigo.
[22:34:52] [Render thread/INFO] (Minecraft) Backend library: LWJGL version 3.2.2 build 10
[22:34:54] [Render thread/INFO] (Minecraft) Narrator library for x64 successfully loaded
[22:34:54] [Render thread/INFO] (Minecraft) Reloading ResourceManager: Default, Fabric Mods (Fabric Renderer Registries (v1), Fabric Crash Report Info (v1), Fabric Transitive Access Wideners (v1), Fabric Textures (v0), Fabric Rendering (v1), Fabric Key Binding API (v1), Serialization Hooks, Mod Menu, Dripstone Fluid Lib, Fabric Commands (v0), Fabric API Base, Fabric Events Interaction (v0), Fabric Loot Tables (v1), Fabric Screen Handler API (v1), Fabric Data Generation API (v1), Fabric Game Rule API (v1), Fabric Rendering (v0), Milk Lib, Fabric Rendering Fluids (v1), Fabric Loader, Cloth Config v6, LazyDFU, Fabric API, Fabric Content Registries (v0), Sodium, Fabric Models (v0), Fabric Entity Events (v1), Fabric Containers (v0), Fabric BlockRenderLayer Registration (v1), CC: Restitched, Fabric API Lookup API (v1), Fabric Dimensions API (v1), Fabric Networking (v0), Fabric Registry Sync (v0), Fabric Mining Level API (v1), Flywheel, Fabric Loot API (v2), Fabric Command API (v1), Manningham Mills, Fabric Renderer API (v1), Registrate for Fabric, Fabric Events Lifecycle (v0), Fabric Transfer API (v1), Fabric Convention Tags, Reach Entity Attributes, Generated Mod (Please Ignore), Valkyrien Skies 2, Fabric Item API (v1), Fabric Networking API (v1), Fabric Rendering Data Attachment (v1), Fabric Game Test API (v1), Fabric Key Bindings (v0), Porting Lib, Fabric Particles (v1), Fake Player API, Fabric Item Groups (v0), Fabric Resource Conditions API (v1), Fabric Resource Loader (v0), Forge Config API Port, Fabric Biome API (v1), Fabric Lifecycle Events (v1), Fabric Renderer - Indigo, Fabric Screen API (v1), Fabric Object Builder API (v1), Create, Fabric Language Kotlin)
[22:34:54] [Realms Notification Availability checker #1/INFO] (Minecraft) Could not authorize you against Realms server: Invalid session id
[22:34:55] [Worker-Main-10/WARN] (Minecraft) Unable to load model: 'minecraft:valkyrienskies' referenced from: valkyrienskies:test_flap#facing=north: java.io.FileNotFoundException: minecraft:models/valkyrienskies.json
[22:34:55] [Worker-Main-10/WARN] (Minecraft) Exception loading blockstate definition: vs_buggy:blockstates/basic_seat.json: java.io.FileNotFoundException: vs_buggy:blockstates/basic_seat.json
[22:34:55] [Worker-Main-10/WARN] (Minecraft) Exception loading blockstate definition: 'vs_buggy:blockstates/basic_seat.json' missing model for variant: 'vs_buggy:basic_seat#power=13'
[22:34:55] [Worker-Main-10/WARN] (Minecraft) Exception loading blockstate definition: 'vs_buggy:blockstates/basic_seat.json' missing model for variant: 'vs_buggy:basic_seat#power=14'
[22:34:55] [Worker-Main-10/WARN] (Minecraft) Exception loading blockstate definition: 'vs_buggy:blockstates/basic_seat.json' missing model for variant: 'vs_buggy:basic_seat#power=0'
[22:34:55] [Worker-Main-10/WARN] (Minecraft) Exception loading blockstate definition: 'vs_buggy:blockstates/basic_seat.json' missing model for variant: 'vs_buggy:basic_seat#power=15'
[22:34:55] [Worker-Main-10/WARN] (Minecraft) Exception loading blockstate definition: 'vs_buggy:blockstates/basic_seat.json' missing model for variant: 'vs_buggy:basic_seat#power=1'
[22:34:55] [Worker-Main-10/WARN] (Minecraft) Exception loading blockstate definition: 'vs_buggy:blockstates/basic_seat.json' missing model for variant: 'vs_buggy:basic_seat#power=2'
[22:34:55] [Worker-Main-10/WARN] (Minecraft) Exception loading blockstate definition: 'vs_buggy:blockstates/basic_seat.json' missing model for variant: 'vs_buggy:basic_seat#power=3'
[22:34:55] [Worker-Main-10/WARN] (Minecraft) Exception loading blockstate definition: 'vs_buggy:blockstates/basic_seat.json' missing model for variant: 'vs_buggy:basic_seat#power=10'
[22:34:55] [Worker-Main-10/WARN] (Minecraft) Exception loading blockstate definition: 'vs_buggy:blockstates/basic_seat.json' missing model for variant: 'vs_buggy:basic_seat#power=4'
[22:34:55] [Worker-Main-10/WARN] (Minecraft) Exception loading blockstate definition: 'vs_buggy:blockstates/basic_seat.json' missing model for variant: 'vs_buggy:basic_seat#power=11'
[22:34:55] [Worker-Main-10/WARN] (Minecraft) Exception loading blockstate definition: 'vs_buggy:blockstates/basic_seat.json' missing model for variant: 'vs_buggy:basic_seat#power=5'
[22:34:55] [Worker-Main-10/WARN] (Minecraft) Exception loading blockstate definition: 'vs_buggy:blockstates/basic_seat.json' missing model for variant: 'vs_buggy:basic_seat#power=12'
[22:34:55] [Worker-Main-10/WARN] (Minecraft) Exception loading blockstate definition: 'vs_buggy:blockstates/basic_seat.json' missing model for variant: 'vs_buggy:basic_seat#power=6'
[22:34:55] [Worker-Main-10/WARN] (Minecraft) Exception loading blockstate definition: 'vs_buggy:blockstates/basic_seat.json' missing model for variant: 'vs_buggy:basic_seat#power=7'
[22:34:55] [Worker-Main-10/WARN] (Minecraft) Exception loading blockstate definition: 'vs_buggy:blockstates/basic_seat.json' missing model for variant: 'vs_buggy:basic_seat#power=8'
[22:34:55] [Worker-Main-10/WARN] (Minecraft) Exception loading blockstate definition: 'vs_buggy:blockstates/basic_seat.json' missing model for variant: 'vs_buggy:basic_seat#power=9'
[22:34:55] [Worker-Main-10/WARN] (Minecraft) Exception loading blockstate definition: vs_buggy:blockstates/basic_engine.json: java.io.FileNotFoundException: vs_buggy:blockstates/basic_engine.json
[22:34:55] [Worker-Main-10/WARN] (Minecraft) Exception loading blockstate definition: 'vs_buggy:blockstates/basic_engine.json' missing model for variant: 'vs_buggy:basic_engine#power=6'
[22:34:55] [Worker-Main-10/WARN] (Minecraft) Exception loading blockstate definition: 'vs_buggy:blockstates/basic_engine.json' missing model for variant: 'vs_buggy:basic_engine#power=5'
[22:34:55] [Worker-Main-10/WARN] (Minecraft) Exception loading blockstate definition: 'vs_buggy:blockstates/basic_engine.json' missing model for variant: 'vs_buggy:basic_engine#power=4'
[22:34:55] [Worker-Main-10/WARN] (Minecraft) Exception loading blockstate definition: 'vs_buggy:blockstates/basic_engine.json' missing model for variant: 'vs_buggy:basic_engine#power=3'
[22:34:55] [Worker-Main-10/WARN] (Minecraft) Exception loading blockstate definition: 'vs_buggy:blockstates/basic_engine.json' missing model for variant: 'vs_buggy:basic_engine#power=2'
[22:34:55] [Worker-Main-10/WARN] (Minecraft) Exception loading blockstate definition: 'vs_buggy:blockstates/basic_engine.json' missing model for variant: 'vs_buggy:basic_engine#power=1'
[22:34:55] [Worker-Main-10/WARN] (Minecraft) Exception loading blockstate definition: 'vs_buggy:blockstates/basic_engine.json' missing model for variant: 'vs_buggy:basic_engine#power=0'
[22:34:55] [Worker-Main-10/WARN] (Minecraft) Exception loading blockstate definition: 'vs_buggy:blockstates/basic_engine.json' missing model for variant: 'vs_buggy:basic_engine#power=13'
[22:34:55] [Worker-Main-10/WARN] (Minecraft) Exception loading blockstate definition: 'vs_buggy:blockstates/basic_engine.json' missing model for variant: 'vs_buggy:basic_engine#power=12'
[22:34:55] [Worker-Main-10/WARN] (Minecraft) Exception loading blockstate definition: 'vs_buggy:blockstates/basic_engine.json' missing model for variant: 'vs_buggy:basic_engine#power=11'
[22:34:55] [Worker-Main-10/WARN] (Minecraft) Exception loading blockstate definition: 'vs_buggy:blockstates/basic_engine.json' missing model for variant: 'vs_buggy:basic_engine#power=10'
[22:34:55] [Worker-Main-10/WARN] (Minecraft) Exception loading blockstate definition: 'vs_buggy:blockstates/basic_engine.json' missing model for variant: 'vs_buggy:basic_engine#power=15'
[22:34:55] [Worker-Main-10/WARN] (Minecraft) Exception loading blockstate definition: 'vs_buggy:blockstates/basic_engine.json' missing model for variant: 'vs_buggy:basic_engine#power=14'
[22:34:55] [Worker-Main-10/WARN] (Minecraft) Exception loading blockstate definition: 'vs_buggy:blockstates/basic_engine.json' missing model for variant: 'vs_buggy:basic_engine#power=9'
[22:34:55] [Worker-Main-10/WARN] (Minecraft) Exception loading blockstate definition: 'vs_buggy:blockstates/basic_engine.json' missing model for variant: 'vs_buggy:basic_engine#power=8'
[22:34:55] [Worker-Main-10/WARN] (Minecraft) Exception loading blockstate definition: 'vs_buggy:blockstates/basic_engine.json' missing model for variant: 'vs_buggy:basic_engine#power=7'
[22:34:55] [Worker-Main-10/WARN] (Minecraft) Exception loading blockstate definition: vs_buggy:blockstates/bearing.json: java.io.FileNotFoundException: vs_buggy:blockstates/bearing.json
[22:34:55] [Worker-Main-10/WARN] (Minecraft) Exception loading blockstate definition: 'vs_buggy:blockstates/bearing.json' missing model for variant: 'vs_buggy:bearing#facing=north'
[22:34:55] [Worker-Main-10/WARN] (Minecraft) Exception loading blockstate definition: 'vs_buggy:blockstates/bearing.json' missing model for variant: 'vs_buggy:bearing#facing=east'
[22:34:55] [Worker-Main-10/WARN] (Minecraft) Exception loading blockstate definition: 'vs_buggy:blockstates/bearing.json' missing model for variant: 'vs_buggy:bearing#facing=west'
[22:34:55] [Worker-Main-10/WARN] (Minecraft) Exception loading blockstate definition: 'vs_buggy:blockstates/bearing.json' missing model for variant: 'vs_buggy:bearing#facing=up'
[22:34:55] [Worker-Main-10/WARN] (Minecraft) Exception loading blockstate definition: 'vs_buggy:blockstates/bearing.json' missing model for variant: 'vs_buggy:bearing#facing=south'
[22:34:55] [Worker-Main-10/WARN] (Minecraft) Exception loading blockstate definition: 'vs_buggy:blockstates/bearing.json' missing model for variant: 'vs_buggy:bearing#facing=down'
[22:34:55] [Worker-Main-10/WARN] (Minecraft) Exception loading blockstate definition: vs_buggy:blockstates/spring.json: java.io.FileNotFoundException: vs_buggy:blockstates/spring.json
[22:34:55] [Worker-Main-10/WARN] (Minecraft) Exception loading blockstate definition: 'vs_buggy:blockstates/spring.json' missing model for variant: 'vs_buggy:spring#facing=west'
[22:34:55] [Worker-Main-10/WARN] (Minecraft) Exception loading blockstate definition: 'vs_buggy:blockstates/spring.json' missing model for variant: 'vs_buggy:spring#facing=east'
[22:34:55] [Worker-Main-10/WARN] (Minecraft) Exception loading blockstate definition: 'vs_buggy:blockstates/spring.json' missing model for variant: 'vs_buggy:spring#facing=north'
[22:34:55] [Worker-Main-10/WARN] (Minecraft) Exception loading blockstate definition: 'vs_buggy:blockstates/spring.json' missing model for variant: 'vs_buggy:spring#facing=south'
[22:34:55] [Worker-Main-10/WARN] (Minecraft) Exception loading blockstate definition: 'vs_buggy:blockstates/spring.json' missing model for variant: 'vs_buggy:spring#facing=down'
[22:34:55] [Worker-Main-10/WARN] (Minecraft) Exception loading blockstate definition: 'vs_buggy:blockstates/spring.json' missing model for variant: 'vs_buggy:spring#facing=up'
[22:34:55] [Worker-Main-10/WARN] (Minecraft) Exception loading blockstate definition: vs_buggy:blockstates/mechanical_top.json: java.io.FileNotFoundException: vs_buggy:blockstates/mechanical_top.json
[22:34:55] [Worker-Main-10/WARN] (Minecraft) Exception loading blockstate definition: 'vs_buggy:blockstates/mechanical_top.json' missing model for variant: 'vs_buggy:mechanical_top#facing=up'
[22:34:55] [Worker-Main-10/WARN] (Minecraft) Exception loading blockstate definition: 'vs_buggy:blockstates/mechanical_top.json' missing model for variant: 'vs_buggy:mechanical_top#facing=down'
[22:34:55] [Worker-Main-10/WARN] (Minecraft) Exception loading blockstate definition: 'vs_buggy:blockstates/mechanical_top.json' missing model for variant: 'vs_buggy:mechanical_top#facing=east'
[22:34:55] [Worker-Main-10/WARN] (Minecraft) Exception loading blockstate definition: 'vs_buggy:blockstates/mechanical_top.json' missing model for variant: 'vs_buggy:mechanical_top#facing=south'
[22:34:55] [Worker-Main-10/WARN] (Minecraft) Exception loading blockstate definition: 'vs_buggy:blockstates/mechanical_top.json' missing model for variant: 'vs_buggy:mechanical_top#facing=north'
[22:34:55] [Worker-Main-10/WARN] (Minecraft) Exception loading blockstate definition: 'vs_buggy:blockstates/mechanical_top.json' missing model for variant: 'vs_buggy:mechanical_top#facing=west'
[22:34:55] [Worker-Main-10/WARN] (Minecraft) Exception loading blockstate definition: vs_buggy:blockstates/basic_tread.json: java.io.FileNotFoundException: vs_buggy:blockstates/basic_tread.json
[22:34:55] [Worker-Main-10/WARN] (Minecraft) Exception loading blockstate definition: 'vs_buggy:blockstates/basic_tread.json' missing model for variant: 'vs_buggy:basic_tread#facing=east,power=13'
[22:34:55] [Worker-Main-10/WARN] (Minecraft) Exception loading blockstate definition: 'vs_buggy:blockstates/basic_tread.json' missing model for variant: 'vs_buggy:basic_tread#facing=east,power=12'
[22:34:55] [Worker-Main-10/WARN] (Minecraft) Exception loading blockstate definition: 'vs_buggy:blockstates/basic_tread.json' missing model for variant: 'vs_buggy:basic_tread#facing=east,power=15'
[22:34:55] [Worker-Main-10/WARN] (Minecraft) Exception loading blockstate definition: 'vs_buggy:blockstates/basic_tread.json' missing model for variant: 'vs_buggy:basic_tread#facing=east,power=14'
[22:34:55] [Worker-Main-10/WARN] (Minecraft) Exception loading blockstate definition: 'vs_buggy:blockstates/basic_tread.json' missing model for variant: 'vs_buggy:basic_tread#facing=north,power=3'
[22:34:55] [Worker-Main-10/WARN] (Minecraft) Exception loading blockstate definition: 'vs_buggy:blockstates/basic_tread.json' missing model for variant: 'vs_buggy:basic_tread#facing=north,power=4'
[22:34:55] [Worker-Main-10/WARN] (Minecraft) Exception loading blockstate definition: 'vs_buggy:blockstates/basic_tread.json' missing model for variant: 'vs_buggy:basic_tread#facing=north,power=5'
[22:34:55] [Worker-Main-10/WARN] (Minecraft) Exception loading blockstate definition: 'vs_buggy:blockstates/basic_tread.json' missing model for variant: 'vs_buggy:basic_tread#facing=north,power=6'
[22:34:55] [Worker-Main-10/WARN] (Minecraft) Exception loading blockstate definition: 'vs_buggy:blockstates/basic_tread.json' missing model for variant: 'vs_buggy:basic_tread#facing=west,power=12'
[22:34:55] [Worker-Main-10/WARN] (Minecraft) Exception loading blockstate definition: 'vs_buggy:blockstates/basic_tread.json' missing model for variant: 'vs_buggy:basic_tread#facing=north,power=0'
[22:34:55] [Worker-Main-10/WARN] (Minecraft) Exception loading blockstate definition: 'vs_buggy:blockstates/basic_tread.json' missing model for variant: 'vs_buggy:basic_tread#facing=west,power=13'
[22:34:55] [Worker-Main-10/WARN] (Minecraft) Exception loading blockstate definition: 'vs_buggy:blockstates/basic_tread.json' missing model for variant: 'vs_buggy:basic_tread#facing=north,power=1'
[22:34:55] [Worker-Main-10/WARN] (Minecraft) Exception loading blockstate definition: 'vs_buggy:blockstates/basic_tread.json' missing model for variant: 'vs_buggy:basic_tread#facing=west,power=10'
[22:34:55] [Worker-Main-10/WARN] (Minecraft) Exception loading blockstate definition: 'vs_buggy:blockstates/basic_tread.json' missing model for variant: 'vs_buggy:basic_tread#facing=north,power=2'
[22:34:55] [Worker-Main-10/WARN] (Minecraft) Exception loading blockstate definition: 'vs_buggy:blockstates/basic_tread.json' missing model for variant: 'vs_buggy:basic_tread#facing=east,power=9'
[22:34:55] [Worker-Main-10/WARN] (Minecraft) Exception loading blockstate definition: 'vs_buggy:blockstates/basic_tread.json' missing model for variant: 'vs_buggy:basic_tread#facing=west,power=11'
[22:34:55] [Worker-Main-10/WARN] (Minecraft) Exception loading blockstate definition: 'vs_buggy:blockstates/basic_tread.json' missing model for variant: 'vs_buggy:basic_tread#facing=east,power=11'
[22:34:55] [Worker-Main-10/WARN] (Minecraft) Exception loading blockstate definition: 'vs_buggy:blockstates/basic_tread.json' missing model for variant: 'vs_buggy:basic_tread#facing=east,power=10'
[22:34:55] [Worker-Main-10/WARN] (Minecraft) Exception loading blockstate definition: 'vs_buggy:blockstates/basic_tread.json' missing model for variant: 'vs_buggy:basic_tread#facing=down,power=12'
[22:34:55] [Worker-Main-10/WARN] (Minecraft) Exception loading blockstate definition: 'vs_buggy:blockstates/basic_tread.json' missing model for variant: 'vs_buggy:basic_tread#facing=down,power=11'
[22:34:55] [Worker-Main-10/WARN] (Minecraft) Exception loading blockstate definition: 'vs_buggy:blockstates/basic_tread.json' missing model for variant: 'vs_buggy:basic_tread#facing=down,power=10'
[22:34:55] [Worker-Main-10/WARN] (Minecraft) Exception loading blockstate definition: 'vs_buggy:blockstates/basic_tread.json' missing model for variant: 'vs_buggy:basic_tread#facing=down,power=15'
[22:34:55] [Worker-Main-10/WARN] (Minecraft) Exception loading blockstate definition: 'vs_buggy:blockstates/basic_tread.json' missing model for variant: 'vs_buggy:basic_tread#facing=down,power=14'
[22:34:55] [Worker-Main-10/WARN] (Minecraft) Exception loading blockstate definition: 'vs_buggy:blockstates/basic_tread.json' missing model for variant: 'vs_buggy:basic_tread#facing=down,power=13'
[22:34:55] [Worker-Main-10/WARN] (Minecraft) Exception loading blockstate definition: 'vs_buggy:blockstates/basic_tread.json' missing model for variant: 'vs_buggy:basic_tread#facing=east,power=8'
[22:34:55] [Worker-Main-10/WARN] (Minecraft) Exception loading blockstate definition: 'vs_buggy:blockstates/basic_tread.json' missing model for variant: 'vs_buggy:basic_tread#facing=east,power=7'
[22:34:55] [Worker-Main-10/WARN] (Minecraft) Exception loading blockstate definition: 'vs_buggy:blockstates/basic_tread.json' missing model for variant: 'vs_buggy:basic_tread#facing=east,power=6'
[22:34:55] [Worker-Main-10/WARN] (Minecraft) Exception loading blockstate definition: 'vs_buggy:blockstates/basic_tread.json' missing model for variant: 'vs_buggy:basic_tread#facing=west,power=14'
[22:34:55] [Worker-Main-10/WARN] (Minecraft) Exception loading blockstate definition: 'vs_buggy:blockstates/basic_tread.json' missing model for variant: 'vs_buggy:basic_tread#facing=east,power=5'
[22:34:55] [Worker-Main-10/WARN] (Minecraft) Exception loading blockstate definition: 'vs_buggy:blockstates/basic_tread.json' missing model for variant: 'vs_buggy:basic_tread#facing=west,power=15'
[22:34:55] [Worker-Main-10/WARN] (Minecraft) Exception loading blockstate definition: 'vs_buggy:blockstates/basic_tread.json' missing model for variant: 'vs_buggy:basic_tread#facing=east,power=4'
[22:34:55] [Worker-Main-10/WARN] (Minecraft) Exception loading blockstate definition: 'vs_buggy:blockstates/basic_tread.json' missing model for variant: 'vs_buggy:basic_tread#facing=down,power=2'
[22:34:55] [Worker-Main-10/WARN] (Minecraft) Exception loading blockstate definition: 'vs_buggy:blockstates/basic_tread.json' missing model for variant: 'vs_buggy:basic_tread#facing=east,power=3'
[22:34:55] [Worker-Main-10/WARN] (Minecraft) Exception loading blockstate definition: 'vs_buggy:blockstates/basic_tread.json' missing model for variant: 'vs_buggy:basic_tread#facing=down,power=3'
[22:34:55] [Worker-Main-10/WARN] (Minecraft) Exception loading blockstate definition: 'vs_buggy:blockstates/basic_tread.json' missing model for variant: 'vs_buggy:basic_tread#facing=east,power=2'
[22:34:55] [Worker-Main-10/WARN] (Minecraft) Exception loading blockstate definition: 'vs_buggy:blockstates/basic_tread.json' missing model for variant: 'vs_buggy:basic_tread#facing=down,power=0'
[22:34:55] [Worker-Main-10/WARN] (Minecraft) Exception loading blockstate definition: 'vs_buggy:blockstates/basic_tread.json' missing model for variant: 'vs_buggy:basic_tread#facing=east,power=1'
[22:34:55] [Worker-Main-10/WARN] (Minecraft) Exception loading blockstate definition: 'vs_buggy:blockstates/basic_tread.json' missing model for variant: 'vs_buggy:basic_tread#facing=down,power=1'
[22:34:55] [Worker-Main-10/WARN] (Minecraft) Exception loading blockstate definition: 'vs_buggy:blockstates/basic_tread.json' missing model for variant: 'vs_buggy:basic_tread#facing=east,power=0'
[22:34:55] [Worker-Main-10/WARN] (Minecraft) Exception loading blockstate definition: 'vs_buggy:blockstates/basic_tread.json' missing model for variant: 'vs_buggy:basic_tread#facing=south,power=15'
[22:34:55] [Worker-Main-10/WARN] (Minecraft) Exception loading blockstate definition: 'vs_buggy:blockstates/basic_tread.json' missing model for variant: 'vs_buggy:basic_tread#facing=south,power=14'
[22:34:55] [Worker-Main-10/WARN] (Minecraft) Exception loading blockstate definition: 'vs_buggy:blockstates/basic_tread.json' missing model for variant: 'vs_buggy:basic_tread#facing=south,power=11'
[22:34:55] [Worker-Main-10/WARN] (Minecraft) Exception loading blockstate definition: 'vs_buggy:blockstates/basic_tread.json' missing model for variant: 'vs_buggy:basic_tread#facing=down,power=6'
[22:34:55] [Worker-Main-10/WARN] (Minecraft) Exception loading blockstate definition: 'vs_buggy:blockstates/basic_tread.json' missing model for variant: 'vs_buggy:basic_tread#facing=south,power=10'
[22:34:55] [Worker-Main-10/WARN] (Minecraft) Exception loading blockstate definition: 'vs_buggy:blockstates/basic_tread.json' missing model for variant: 'vs_buggy:basic_tread#facing=down,power=7'
[22:34:55] [Worker-Main-10/WARN] (Minecraft) Exception loading blockstate definition: 'vs_buggy:blockstates/basic_tread.json' missing model for variant: 'vs_buggy:basic_tread#facing=south,power=13'
[22:34:55] [Worker-Main-10/WARN] (Minecraft) Exception loading blockstate definition: 'vs_buggy:blockstates/basic_tread.json' missing model for variant: 'vs_buggy:basic_tread#facing=down,power=4'
[22:34:55] [Worker-Main-10/WARN] (Minecraft) Exception loading blockstate definition: 'vs_buggy:blockstates/basic_tread.json' missing model for variant: 'vs_buggy:basic_tread#facing=south,power=12'
[22:34:55] [Worker-Main-10/WARN] (Minecraft) Exception loading blockstate definition: 'vs_buggy:blockstates/basic_tread.json' missing model for variant: 'vs_buggy:basic_tread#facing=down,power=5'
[22:34:55] [Worker-Main-10/WARN] (Minecraft) Exception loading blockstate definition: 'vs_buggy:blockstates/basic_tread.json' missing model for variant: 'vs_buggy:basic_tread#facing=down,power=8'
[22:34:55] [Worker-Main-10/WARN] (Minecraft) Exception loading blockstate definition: 'vs_buggy:blockstates/basic_tread.json' missing model for variant: 'vs_buggy:basic_tread#facing=down,power=9'
[22:34:55] [Worker-Main-10/WARN] (Minecraft) Exception loading blockstate definition: 'vs_buggy:blockstates/basic_tread.json' missing model for variant: 'vs_buggy:basic_tread#facing=up,power=0'
[22:34:55] [Worker-Main-10/WARN] (Minecraft) Exception loading blockstate definition: 'vs_buggy:blockstates/basic_tread.json' missing model for variant: 'vs_buggy:basic_tread#facing=up,power=2'
[22:34:55] [Worker-Main-10/WARN] (Minecraft) Exception loading blockstate definition: 'vs_buggy:blockstates/basic_tread.json' missing model for variant: 'vs_buggy:basic_tread#facing=up,power=1'
[22:34:55] [Worker-Main-10/WARN] (Minecraft) Exception loading blockstate definition: 'vs_buggy:blockstates/basic_tread.json' missing model for variant: 'vs_buggy:basic_tread#facing=up,power=4'
[22:34:55] [Worker-Main-10/WARN] (Minecraft) Exception loading blockstate definition: 'vs_buggy:blockstates/basic_tread.json' missing model for variant: 'vs_buggy:basic_tread#facing=up,power=3'
[22:34:55] [Worker-Main-10/WARN] (Minecraft) Exception loading blockstate definition: 'vs_buggy:blockstates/basic_tread.json' missing model for variant: 'vs_buggy:basic_tread#facing=up,power=6'
[22:34:55] [Worker-Main-10/WARN] (Minecraft) Exception loading blockstate definition: 'vs_buggy:blockstates/basic_tread.json' missing model for variant: 'vs_buggy:basic_tread#facing=up,power=5'
[22:34:55] [Worker-Main-10/WARN] (Minecraft) Exception loading blockstate definition: 'vs_buggy:blockstates/basic_tread.json' missing model for variant: 'vs_buggy:basic_tread#facing=north,power=13'
[22:34:55] [Worker-Main-10/WARN] (Minecraft) Exception loading blockstate definition: 'vs_buggy:blockstates/basic_tread.json' missing model for variant: 'vs_buggy:basic_tread#facing=up,power=8'
[22:34:55] [Worker-Main-10/WARN] (Minecraft) Exception loading blockstate definition: 'vs_buggy:blockstates/basic_tread.json' missing model for variant: 'vs_buggy:basic_tread#facing=north,power=12'
[22:34:55] [Worker-Main-10/WARN] (Minecraft) Exception loading blockstate definition: 'vs_buggy:blockstates/basic_tread.json' missing model for variant: 'vs_buggy:basic_tread#facing=west,power=9'
[22:34:55] [Worker-Main-10/WARN] (Minecraft) Exception loading blockstate definition: 'vs_buggy:blockstates/basic_tread.json' missing model for variant: 'vs_buggy:basic_tread#facing=up,power=7'
[22:34:55] [Worker-Main-10/WARN] (Minecraft) Exception loading blockstate definition: 'vs_buggy:blockstates/basic_tread.json' missing model for variant: 'vs_buggy:basic_tread#facing=north,power=11'
[22:34:55] [Worker-Main-10/WARN] (Minecraft) Exception loading blockstate definition: 'vs_buggy:blockstates/basic_tread.json' missing model for variant: 'vs_buggy:basic_tread#facing=west,power=8'
[22:34:55] [Worker-Main-10/WARN] (Minecraft) Exception loading blockstate definition: 'vs_buggy:blockstates/basic_tread.json' missing model for variant: 'vs_buggy:basic_tread#facing=north,power=10'
[22:34:55] [Worker-Main-10/WARN] (Minecraft) Exception loading blockstate definition: 'vs_buggy:blockstates/basic_tread.json' missing model for variant: 'vs_buggy:basic_tread#facing=west,power=7'
[22:34:55] [Worker-Main-10/WARN] (Minecraft) Exception loading blockstate definition: 'vs_buggy:blockstates/basic_tread.json' missing model for variant: 'vs_buggy:basic_tread#facing=up,power=9'
[22:34:55] [Worker-Main-10/WARN] (Minecraft) Exception loading blockstate definition: 'vs_buggy:blockstates/basic_tread.json' missing model for variant: 'vs_buggy:basic_tread#facing=south,power=0'
[22:34:55] [Worker-Main-10/WARN] (Minecraft) Exception loading blockstate definition: 'vs_buggy:blockstates/basic_tread.json' missing model for variant: 'vs_buggy:basic_tread#facing=west,power=6'
[22:34:55] [Worker-Main-10/WARN] (Minecraft) Exception loading blockstate definition: 'vs_buggy:blockstates/basic_tread.json' missing model for variant: 'vs_buggy:basic_tread#facing=up,power=15'
[22:34:55] [Worker-Main-10/WARN] (Minecraft) Exception loading blockstate definition: 'vs_buggy:blockstates/basic_tread.json' missing model for variant: 'vs_buggy:basic_tread#facing=west,power=5'
[22:34:55] [Worker-Main-10/WARN] (Minecraft) Exception loading blockstate definition: 'vs_buggy:blockstates/basic_tread.json' missing model for variant: 'vs_buggy:basic_tread#facing=up,power=14'
[22:34:55] [Worker-Main-10/WARN] (Minecraft) Exception loading blockstate definition: 'vs_buggy:blockstates/basic_tread.json' missing model for variant: 'vs_buggy:basic_tread#facing=north,power=15'
[22:34:55] [Worker-Main-10/WARN] (Minecraft) Exception loading blockstate definition: 'vs_buggy:blockstates/basic_tread.json' missing model for variant: 'vs_buggy:basic_tread#facing=south,power=2'
[22:34:55] [Worker-Main-10/WARN] (Minecraft) Exception loading blockstate definition: 'vs_buggy:blockstates/basic_tread.json' missing model for variant: 'vs_buggy:basic_tread#facing=west,power=4'
[22:34:55] [Worker-Main-10/WARN] (Minecraft) Exception loading blockstate definition: 'vs_buggy:blockstates/basic_tread.json' missing model for variant: 'vs_buggy:basic_tread#facing=north,power=14'
[22:34:55] [Worker-Main-10/WARN] (Minecraft) Exception loading blockstate definition: 'vs_buggy:blockstates/basic_tread.json' missing model for variant: 'vs_buggy:basic_tread#facing=south,power=1'
[22:34:55] [Worker-Main-10/WARN] (Minecraft) Exception loading blockstate definition: 'vs_buggy:blockstates/basic_tread.json' missing model for variant: 'vs_buggy:basic_tread#facing=west,power=3'
[22:34:55] [Worker-Main-10/WARN] (Minecraft) Exception loading blockstate definition: 'vs_buggy:blockstates/basic_tread.json' missing model for variant: 'vs_buggy:basic_tread#facing=north,power=7'
[22:34:55] [Worker-Main-10/WARN] (Minecraft) Exception loading blockstate definition: 'vs_buggy:blockstates/basic_tread.json' missing model for variant: 'vs_buggy:basic_tread#facing=south,power=4'
[22:34:55] [Worker-Main-10/WARN] (Minecraft) Exception loading blockstate definition: 'vs_buggy:blockstates/basic_tread.json' missing model for variant: 'vs_buggy:basic_tread#facing=west,power=2'
[22:34:55] [Worker-Main-10/WARN] (Minecraft) Exception loading blockstate definition: 'vs_buggy:blockstates/basic_tread.json' missing model for variant: 'vs_buggy:basic_tread#facing=up,power=11'
[22:34:55] [Worker-Main-10/WARN] (Minecraft) Exception loading blockstate definition: 'vs_buggy:blockstates/basic_tread.json' missing model for variant: 'vs_buggy:basic_tread#facing=north,power=8'
[22:34:55] [Worker-Main-10/WARN] (Minecraft) Exception loading blockstate definition: 'vs_buggy:blockstates/basic_tread.json' missing model for variant: 'vs_buggy:basic_tread#facing=south,power=3'
[22:34:55] [Worker-Main-10/WARN] (Minecraft) Exception loading blockstate definition: 'vs_buggy:blockstates/basic_tread.json' missing model for variant: 'vs_buggy:basic_tread#facing=west,power=1'
[22:34:55] [Worker-Main-10/WARN] (Minecraft) Exception loading blockstate definition: 'vs_buggy:blockstates/basic_tread.json' missing model for variant: 'vs_buggy:basic_tread#facing=up,power=10'
[22:34:55] [Worker-Main-10/WARN] (Minecraft) Exception loading blockstate definition: 'vs_buggy:blockstates/basic_tread.json' missing model for variant: 'vs_buggy:basic_tread#facing=north,power=9'
[22:34:55] [Worker-Main-10/WARN] (Minecraft) Exception loading blockstate definition: 'vs_buggy:blockstates/basic_tread.json' missing model for variant: 'vs_buggy:basic_tread#facing=south,power=6'
[22:34:55] [Worker-Main-10/WARN] (Minecraft) Exception loading blockstate definition: 'vs_buggy:blockstates/basic_tread.json' missing model for variant: 'vs_buggy:basic_tread#facing=west,power=0'
[22:34:55] [Worker-Main-10/WARN] (Minecraft) Exception loading blockstate definition: 'vs_buggy:blockstates/basic_tread.json' missing model for variant: 'vs_buggy:basic_tread#facing=up,power=13'
[22:34:55] [Worker-Main-10/WARN] (Minecraft) Exception loading blockstate definition: 'vs_buggy:blockstates/basic_tread.json' missing model for variant: 'vs_buggy:basic_tread#facing=south,power=5'
[22:34:55] [Worker-Main-10/WARN] (Minecraft) Exception loading blockstate definition: 'vs_buggy:blockstates/basic_tread.json' missing model for variant: 'vs_buggy:basic_tread#facing=up,power=12'
[22:34:55] [Worker-Main-10/WARN] (Minecraft) Exception loading blockstate definition: 'vs_buggy:blockstates/basic_tread.json' missing model for variant: 'vs_buggy:basic_tread#facing=south,power=8'
[22:34:55] [Worker-Main-10/WARN] (Minecraft) Exception loading blockstate definition: 'vs_buggy:blockstates/basic_tread.json' missing model for variant: 'vs_buggy:basic_tread#facing=south,power=7'
[22:34:55] [Worker-Main-10/WARN] (Minecraft) Exception loading blockstate definition: 'vs_buggy:blockstates/basic_tread.json' missing model for variant: 'vs_buggy:basic_tread#facing=south,power=9'
[22:34:55] [Worker-Main-10/WARN] (Minecraft) Exception loading blockstate definition: vs_buggy:blockstates/emmitor.json: java.io.FileNotFoundException: vs_buggy:blockstates/emmitor.json
[22:34:55] [Worker-Main-10/WARN] (Minecraft) Exception loading blockstate definition: 'vs_buggy:blockstates/emmitor.json' missing model for variant: 'vs_buggy:emmitor#facing=up,power=0'
[22:34:55] [Worker-Main-10/WARN] (Minecraft) Exception loading blockstate definition: 'vs_buggy:blockstates/emmitor.json' missing model for variant: 'vs_buggy:emmitor#facing=up,power=2'
[22:34:55] [Worker-Main-10/WARN] (Minecraft) Exception loading blockstate definition: 'vs_buggy:blockstates/emmitor.json' missing model for variant: 'vs_buggy:emmitor#facing=up,power=1'
[22:34:55] [Worker-Main-10/WARN] (Minecraft) Exception loading blockstate definition: 'vs_buggy:blockstates/emmitor.json' missing model for variant: 'vs_buggy:emmitor#facing=up,power=4'
[22:34:55] [Worker-Main-10/WARN] (Minecraft) Exception loading blockstate definition: 'vs_buggy:blockstates/emmitor.json' missing model for variant: 'vs_buggy:emmitor#facing=up,power=3'
[22:34:55] [Worker-Main-10/WARN] (Minecraft) Exception loading blockstate definition: 'vs_buggy:blockstates/emmitor.json' missing model for variant: 'vs_buggy:emmitor#facing=east,power=1'
[22:34:55] [Worker-Main-10/WARN] (Minecraft) Exception loading blockstate definition: 'vs_buggy:blockstates/emmitor.json' missing model for variant: 'vs_buggy:emmitor#facing=east,power=2'
[22:34:55] [Worker-Main-10/WARN] (Minecraft) Exception loading blockstate definition: 'vs_buggy:blockstates/emmitor.json' missing model for variant: 'vs_buggy:emmitor#facing=east,power=0'
[22:34:55] [Worker-Main-10/WARN] (Minecraft) Exception loading blockstate definition: 'vs_buggy:blockstates/emmitor.json' missing model for variant: 'vs_buggy:emmitor#facing=south,power=13'
[22:34:55] [Worker-Main-10/WARN] (Minecraft) Exception loading blockstate definition: 'vs_buggy:blockstates/emmitor.json' missing model for variant: 'vs_buggy:emmitor#facing=up,power=6'
[22:34:55] [Worker-Main-10/WARN] (Minecraft) Exception loading blockstate definition: 'vs_buggy:blockstates/emmitor.json' missing model for variant: 'vs_buggy:emmitor#facing=down,power=13'
[22:34:55] [Worker-Main-10/WARN] (Minecraft) Exception loading blockstate definition: 'vs_buggy:blockstates/emmitor.json' missing model for variant: 'vs_buggy:emmitor#facing=south,power=12'
[22:34:55] [Worker-Main-10/WARN] (Minecraft) Exception loading blockstate definition: 'vs_buggy:blockstates/emmitor.json' missing model for variant: 'vs_buggy:emmitor#facing=up,power=5'
[22:34:55] [Worker-Main-10/WARN] (Minecraft) Exception loading blockstate definition: 'vs_buggy:blockstates/emmitor.json' missing model for variant: 'vs_buggy:emmitor#facing=down,power=14'
[22:34:55] [Worker-Main-10/WARN] (Minecraft) Exception loading blockstate definition: 'vs_buggy:blockstates/emmitor.json' missing model for variant: 'vs_buggy:emmitor#facing=south,power=15'
[22:34:55] [Worker-Main-10/WARN] (Minecraft) Exception loading blockstate definition: 'vs_buggy:blockstates/emmitor.json' missing model for variant: 'vs_buggy:emmitor#facing=up,power=8'
[22:34:55] [Worker-Main-10/WARN] (Minecraft) Exception loading blockstate definition: 'vs_buggy:blockstates/emmitor.json' missing model for variant: 'vs_buggy:emmitor#facing=down,power=11'
[22:34:55] [Worker-Main-10/WARN] (Minecraft) Exception loading blockstate definition: 'vs_buggy:blockstates/emmitor.json' missing model for variant: 'vs_buggy:emmitor#facing=south,power=14'
[22:34:55] [Worker-Main-10/WARN] (Minecraft) Exception loading blockstate definition: 'vs_buggy:blockstates/emmitor.json' missing model for variant: 'vs_buggy:emmitor#facing=up,power=7'
[22:34:55] [Worker-Main-10/WARN] (Minecraft) Exception loading blockstate definition: 'vs_buggy:blockstates/emmitor.json' missing model for variant: 'vs_buggy:emmitor#facing=down,power=12'
[22:34:55] [Worker-Main-10/WARN] (Minecraft) Exception loading blockstate definition: 'vs_buggy:blockstates/emmitor.json' missing model for variant: 'vs_buggy:emmitor#facing=up,power=9'
[22:34:55] [Worker-Main-10/WARN] (Minecraft) Exception loading blockstate definition: 'vs_buggy:blockstates/emmitor.json' missing model for variant: 'vs_buggy:emmitor#facing=south,power=11'
[22:34:55] [Worker-Main-10/WARN] (Minecraft) Exception loading blockstate definition: 'vs_buggy:blockstates/emmitor.json' missing model for variant: 'vs_buggy:emmitor#facing=down,power=15'
[22:34:55] [Worker-Main-10/WARN] (Minecraft) Exception loading blockstate definition: 'vs_buggy:blockstates/emmitor.json' missing model for variant: 'vs_buggy:emmitor#facing=south,power=10'
[22:34:55] [Worker-Main-10/WARN] (Minecraft) Exception loading blockstate definition: 'vs_buggy:blockstates/emmitor.json' missing model for variant: 'vs_buggy:emmitor#facing=east,power=14'
[22:34:55] [Worker-Main-10/WARN] (Minecraft) Exception loading blockstate definition: 'vs_buggy:blockstates/emmitor.json' missing model for variant: 'vs_buggy:emmitor#facing=east,power=15'
[22:34:55] [Worker-Main-10/WARN] (Minecraft) Exception loading blockstate definition: 'vs_buggy:blockstates/emmitor.json' missing model for variant: 'vs_buggy:emmitor#facing=down,power=10'
[22:34:55] [Worker-Main-10/WARN] (Minecraft) Exception loading blockstate definition: 'vs_buggy:blockstates/emmitor.json' missing model for variant: 'vs_buggy:emmitor#facing=east,power=10'
[22:34:55] [Worker-Main-10/WARN] (Minecraft) Exception loading blockstate definition: 'vs_buggy:blockstates/emmitor.json' missing model for variant: 'vs_buggy:emmitor#facing=east,power=11'
[22:34:55] [Worker-Main-10/WARN] (Minecraft) Exception loading blockstate definition: 'vs_buggy:blockstates/emmitor.json' missing model for variant: 'vs_buggy:emmitor#facing=east,power=12'
[22:34:55] [Worker-Main-10/WARN] (Minecraft) Exception loading blockstate definition: 'vs_buggy:blockstates/emmitor.json' missing model for variant: 'vs_buggy:emmitor#facing=east,power=13'
[22:34:55] [Worker-Main-10/WARN] (Minecraft) Exception loading blockstate definition: 'vs_buggy:blockstates/emmitor.json' missing model for variant: 'vs_buggy:emmitor#facing=south,power=2'
[22:34:55] [Worker-Main-10/WARN] (Minecraft) Exception loading blockstate definition: 'vs_buggy:blockstates/emmitor.json' missing model for variant: 'vs_buggy:emmitor#facing=west,power=8'
[22:34:55] [Worker-Main-10/WARN] (Minecraft) Exception loading blockstate definition: 'vs_buggy:blockstates/emmitor.json' missing model for variant: 'vs_buggy:emmitor#facing=south,power=1'
[22:34:55] [Worker-Main-10/WARN] (Minecraft) Exception loading blockstate definition: 'vs_buggy:blockstates/emmitor.json' missing model for variant: 'vs_buggy:emmitor#facing=west,power=7'
[22:34:55] [Worker-Main-10/WARN] (Minecraft) Exception loading blockstate definition: 'vs_buggy:blockstates/emmitor.json' missing model for variant: 'vs_buggy:emmitor#facing=south,power=4'
[22:34:55] [Worker-Main-10/WARN] (Minecraft) Exception loading blockstate definition: 'vs_buggy:blockstates/emmitor.json' missing model for variant: 'vs_buggy:emmitor#facing=west,power=6'
[22:34:55] [Worker-Main-10/WARN] (Minecraft) Exception loading blockstate definition: 'vs_buggy:blockstates/emmitor.json' missing model for variant: 'vs_buggy:emmitor#facing=south,power=3'
[22:34:55] [Worker-Main-10/WARN] (Minecraft) Exception loading blockstate definition: 'vs_buggy:blockstates/emmitor.json' missing model for variant: 'vs_buggy:emmitor#facing=west,power=5'
[22:34:55] [Worker-Main-10/WARN] (Minecraft) Exception loading blockstate definition: 'vs_buggy:blockstates/emmitor.json' missing model for variant: 'vs_buggy:emmitor#facing=north,power=9'
[22:34:55] [Worker-Main-10/WARN] (Minecraft) Exception loading blockstate definition: 'vs_buggy:blockstates/emmitor.json' missing model for variant: 'vs_buggy:emmitor#facing=south,power=6'
[22:34:55] [Worker-Main-10/WARN] (Minecraft) Exception loading blockstate definition: 'vs_buggy:blockstates/emmitor.json' missing model for variant: 'vs_buggy:emmitor#facing=west,power=4'
[22:34:55] [Worker-Main-10/WARN] (Minecraft) Exception loading blockstate definition: 'vs_buggy:blockstates/emmitor.json' missing model for variant: 'vs_buggy:emmitor#facing=south,power=5'
[22:34:55] [Worker-Main-10/WARN] (Minecraft) Exception loading blockstate definition: 'vs_buggy:blockstates/emmitor.json' missing model for variant: 'vs_buggy:emmitor#facing=west,power=3'
[22:34:55] [Worker-Main-10/WARN] (Minecraft) Exception loading blockstate definition: 'vs_buggy:blockstates/emmitor.json' missing model for variant: 'vs_buggy:emmitor#facing=south,power=8'
[22:34:55] [Worker-Main-10/WARN] (Minecraft) Exception loading blockstate definition: 'vs_buggy:blockstates/emmitor.json' missing model for variant: 'vs_buggy:emmitor#facing=west,power=2'
[22:34:55] [Worker-Main-10/WARN] (Minecraft) Exception loading blockstate definition: 'vs_buggy:blockstates/emmitor.json' missing model for variant: 'vs_buggy:emmitor#facing=south,power=7'
[22:34:55] [Worker-Main-10/WARN] (Minecraft) Exception loading blockstate definition: 'vs_buggy:blockstates/emmitor.json' missing model for variant: 'vs_buggy:emmitor#facing=west,power=1'
[22:34:55] [Worker-Main-10/WARN] (Minecraft) Exception loading blockstate definition: 'vs_buggy:blockstates/emmitor.json' missing model for variant: 'vs_buggy:emmitor#facing=north,power=5'
[22:34:55] [Worker-Main-10/WARN] (Minecraft) Exception loading blockstate definition: 'vs_buggy:blockstates/emmitor.json' missing model for variant: 'vs_buggy:emmitor#facing=north,power=6'
[22:34:55] [Worker-Main-10/WARN] (Minecraft) Exception loading blockstate definition: 'vs_buggy:blockstates/emmitor.json' missing model for variant: 'vs_buggy:emmitor#facing=north,power=7'
[22:34:55] [Worker-Main-10/WARN] (Minecraft) Exception loading blockstate definition: 'vs_buggy:blockstates/emmitor.json' missing model for variant: 'vs_buggy:emmitor#facing=west,power=11'
[22:34:55] [Worker-Main-10/WARN] (Minecraft) Exception loading blockstate definition: 'vs_buggy:blockstates/emmitor.json' missing model for variant: 'vs_buggy:emmitor#facing=north,power=8'
[22:34:55] [Worker-Main-10/WARN] (Minecraft) Exception loading blockstate definition: 'vs_buggy:blockstates/emmitor.json' missing model for variant: 'vs_buggy:emmitor#facing=west,power=10'
[22:34:55] [Worker-Main-10/WARN] (Minecraft) Exception loading blockstate definition: 'vs_buggy:blockstates/emmitor.json' missing model for variant: 'vs_buggy:emmitor#facing=north,power=1'
[22:34:55] [Worker-Main-10/WARN] (Minecraft) Exception loading blockstate definition: 'vs_buggy:blockstates/emmitor.json' missing model for variant: 'vs_buggy:emmitor#facing=west,power=13'
[22:34:55] [Worker-Main-10/WARN] (Minecraft) Exception loading blockstate definition: 'vs_buggy:blockstates/emmitor.json' missing model for variant: 'vs_buggy:emmitor#facing=north,power=2'
[22:34:55] [Worker-Main-10/WARN] (Minecraft) Exception loading blockstate definition: 'vs_buggy:blockstates/emmitor.json' missing model for variant: 'vs_buggy:emmitor#facing=west,power=12'
[22:34:55] [Worker-Main-10/WARN] (Minecraft) Exception loading blockstate definition: 'vs_buggy:blockstates/emmitor.json' missing model for variant: 'vs_buggy:emmitor#facing=north,power=3'
[22:34:55] [Worker-Main-10/WARN] (Minecraft) Exception loading blockstate definition: 'vs_buggy:blockstates/emmitor.json' missing model for variant: 'vs_buggy:emmitor#facing=south,power=0'
[22:34:55] [Worker-Main-10/WARN] (Minecraft) Exception loading blockstate definition: 'vs_buggy:blockstates/emmitor.json' missing model for variant: 'vs_buggy:emmitor#facing=west,power=15'
[22:34:55] [Worker-Main-10/WARN] (Minecraft) Exception loading blockstate definition: 'vs_buggy:blockstates/emmitor.json' missing model for variant: 'vs_buggy:emmitor#facing=north,power=4'
[22:34:55] [Worker-Main-10/WARN] (Minecraft) Exception loading blockstate definition: 'vs_buggy:blockstates/emmitor.json' missing model for variant: 'vs_buggy:emmitor#facing=west,power=9'
[22:34:55] [Worker-Main-10/WARN] (Minecraft) Exception loading blockstate definition: 'vs_buggy:blockstates/emmitor.json' missing model for variant: 'vs_buggy:emmitor#facing=west,power=14'
[22:34:55] [Worker-Main-10/WARN] (Minecraft) Exception loading blockstate definition: 'vs_buggy:blockstates/emmitor.json' missing model for variant: 'vs_buggy:emmitor#facing=west,power=0'
[22:34:55] [Worker-Main-10/WARN] (Minecraft) Exception loading blockstate definition: 'vs_buggy:blockstates/emmitor.json' missing model for variant: 'vs_buggy:emmitor#facing=south,power=9'
[22:34:55] [Worker-Main-10/WARN] (Minecraft) Exception loading blockstate definition: 'vs_buggy:blockstates/emmitor.json' missing model for variant: 'vs_buggy:emmitor#facing=east,power=9'
[22:34:55] [Worker-Main-10/WARN] (Minecraft) Exception loading blockstate definition: 'vs_buggy:blockstates/emmitor.json' missing model for variant: 'vs_buggy:emmitor#facing=east,power=7'
[22:34:55] [Worker-Main-10/WARN] (Minecraft) Exception loading blockstate definition: 'vs_buggy:blockstates/emmitor.json' missing model for variant: 'vs_buggy:emmitor#facing=down,power=1'
[22:34:55] [Worker-Main-10/WARN] (Minecraft) Exception loading blockstate definition: 'vs_buggy:blockstates/emmitor.json' missing model for variant: 'vs_buggy:emmitor#facing=east,power=8'
[22:34:55] [Worker-Main-10/WARN] (Minecraft) Exception loading blockstate definition: 'vs_buggy:blockstates/emmitor.json' missing model for variant: 'vs_buggy:emmitor#facing=down,power=0'
[22:34:55] [Worker-Main-10/WARN] (Minecraft) Exception loading blockstate definition: 'vs_buggy:blockstates/emmitor.json' missing model for variant: 'vs_buggy:emmitor#facing=east,power=5'
[22:34:55] [Worker-Main-10/WARN] (Minecraft) Exception loading blockstate definition: 'vs_buggy:blockstates/emmitor.json' missing model for variant: 'vs_buggy:emmitor#facing=up,power=13'
[22:34:55] [Worker-Main-10/WARN] (Minecraft) Exception loading blockstate definition: 'vs_buggy:blockstates/emmitor.json' missing model for variant: 'vs_buggy:emmitor#facing=down,power=3'
[22:34:55] [Worker-Main-10/WARN] (Minecraft) Exception loading blockstate definition: 'vs_buggy:blockstates/emmitor.json' missing model for variant: 'vs_buggy:emmitor#facing=east,power=6'
[22:34:55] [Worker-Main-10/WARN] (Minecraft) Exception loading blockstate definition: 'vs_buggy:blockstates/emmitor.json' missing model for variant: 'vs_buggy:emmitor#facing=up,power=12'
[22:34:55] [Worker-Main-10/WARN] (Minecraft) Exception loading blockstate definition: 'vs_buggy:blockstates/emmitor.json' missing model for variant: 'vs_buggy:emmitor#facing=down,power=2'
[22:34:55] [Worker-Main-10/WARN] (Minecraft) Exception loading blockstate definition: 'vs_buggy:blockstates/emmitor.json' missing model for variant: 'vs_buggy:emmitor#facing=east,power=3'
[22:34:55] [Worker-Main-10/WARN] (Minecraft) Exception loading blockstate definition: 'vs_buggy:blockstates/emmitor.json' missing model for variant: 'vs_buggy:emmitor#facing=up,power=15'
[22:34:55] [Worker-Main-10/WARN] (Minecraft) Exception loading blockstate definition: 'vs_buggy:blockstates/emmitor.json' missing model for variant: 'vs_buggy:emmitor#facing=down,power=5'
[22:34:55] [Worker-Main-10/WARN] (Minecraft) Exception loading blockstate definition: 'vs_buggy:blockstates/emmitor.json' missing model for variant: 'vs_buggy:emmitor#facing=east,power=4'
[22:34:55] [Worker-Main-10/WARN] (Minecraft) Exception loading blockstate definition: 'vs_buggy:blockstates/emmitor.json' missing model for variant: 'vs_buggy:emmitor#facing=up,power=14'
[22:34:55] [Worker-Main-10/WARN] (Minecraft) Exception loading blockstate definition: 'vs_buggy:blockstates/emmitor.json' missing model for variant: 'vs_buggy:emmitor#facing=down,power=4'
[22:34:55] [Worker-Main-10/WARN] (Minecraft) Exception loading blockstate definition: 'vs_buggy:blockstates/emmitor.json' missing model for variant: 'vs_buggy:emmitor#facing=north,power=11'
[22:34:55] [Worker-Main-10/WARN] (Minecraft) Exception loading blockstate definition: 'vs_buggy:blockstates/emmitor.json' missing model for variant: 'vs_buggy:emmitor#facing=down,power=7'
[22:34:55] [Worker-Main-10/WARN] (Minecraft) Exception loading blockstate definition: 'vs_buggy:blockstates/emmitor.json' missing model for variant: 'vs_buggy:emmitor#facing=north,power=10'
[22:34:55] [Worker-Main-10/WARN] (Minecraft) Exception loading blockstate definition: 'vs_buggy:blockstates/emmitor.json' missing model for variant: 'vs_buggy:emmitor#facing=down,power=6'
[22:34:55] [Worker-Main-10/WARN] (Minecraft) Exception loading blockstate definition: 'vs_buggy:blockstates/emmitor.json' missing model for variant: 'vs_buggy:emmitor#facing=up,power=11'
[22:34:55] [Worker-Main-10/WARN] (Minecraft) Exception loading blockstate definition: 'vs_buggy:blockstates/emmitor.json' missing model for variant: 'vs_buggy:emmitor#facing=down,power=9'
[22:34:55] [Worker-Main-10/WARN] (Minecraft) Exception loading blockstate definition: 'vs_buggy:blockstates/emmitor.json' missing model for variant: 'vs_buggy:emmitor#facing=up,power=10'
[22:34:55] [Worker-Main-10/WARN] (Minecraft) Exception loading blockstate definition: 'vs_buggy:blockstates/emmitor.json' missing model for variant: 'vs_buggy:emmitor#facing=down,power=8'
[22:34:55] [Worker-Main-10/WARN] (Minecraft) Exception loading blockstate definition: 'vs_buggy:blockstates/emmitor.json' missing model for variant: 'vs_buggy:emmitor#facing=north,power=15'
[22:34:55] [Worker-Main-10/WARN] (Minecraft) Exception loading blockstate definition: 'vs_buggy:blockstates/emmitor.json' missing model for variant: 'vs_buggy:emmitor#facing=north,power=14'
[22:34:55] [Worker-Main-10/WARN] (Minecraft) Exception loading blockstate definition: 'vs_buggy:blockstates/emmitor.json' missing model for variant: 'vs_buggy:emmitor#facing=north,power=13'
[22:34:55] [Worker-Main-10/WARN] (Minecraft) Exception loading blockstate definition: 'vs_buggy:blockstates/emmitor.json' missing model for variant: 'vs_buggy:emmitor#facing=north,power=12'
[22:34:55] [Worker-Main-10/WARN] (Minecraft) Exception loading blockstate definition: 'vs_buggy:blockstates/emmitor.json' missing model for variant: 'vs_buggy:emmitor#facing=north,power=0'
[22:34:56] [Worker-Main-10/WARN] (Minecraft) Unable to load model: 'vs_buggy:basic_seat#inventory' referenced from: vs_buggy:basic_seat#inventory: java.io.FileNotFoundException: vs_buggy:models/item/basic_seat.json
[22:34:56] [Worker-Main-10/WARN] (Minecraft) Unable to load model: 'vs_buggy:bearing#inventory' referenced from: vs_buggy:bearing#inventory: java.io.FileNotFoundException: vs_buggy:models/item/bearing.json
[22:34:56] [Worker-Main-10/WARN] (Minecraft) Unable to load model: 'vs_buggy:emmitor#inventory' referenced from: vs_buggy:emmitor#inventory: java.io.FileNotFoundException: vs_buggy:models/item/emmitor.json
[22:34:56] [Worker-Main-10/WARN] (Minecraft) Unable to load model: 'valkyrienskies:ship_assembler#inventory' referenced from: valkyrienskies:ship_assembler#inventory: java.io.FileNotFoundException: valkyrienskies:models/item/ship_assembler.json
[22:34:56] [Worker-Main-10/WARN] (Minecraft) Unable to load model: 'vs_buggy:basic_engine#inventory' referenced from: vs_buggy:basic_engine#inventory: java.io.FileNotFoundException: vs_buggy:models/item/basic_engine.json
[22:34:56] [Worker-Main-10/WARN] (Minecraft) Unable to load model: 'vs_buggy:spring#inventory' referenced from: vs_buggy:spring#inventory: java.io.FileNotFoundException: vs_buggy:models/item/spring.json
[22:34:56] [Worker-Main-10/WARN] (Minecraft) Unable to load model: 'vs_buggy:connector#inventory' referenced from: vs_buggy:connector#inventory: java.io.FileNotFoundException: vs_buggy:models/item/connector.json
[22:34:56] [Worker-Main-10/WARN] (Minecraft) Unable to load model: 'vs_buggy:basic_tread#inventory' referenced from: vs_buggy:basic_tread#inventory: java.io.FileNotFoundException: vs_buggy:models/item/basic_tread.json
[22:34:57] [Render thread/INFO] (Minecraft) OpenAL initialized on device OpenAL Soft on Headphones (JBL TUNE510BT)
[22:34:57] [Render thread/INFO] (Minecraft) Sound engine started
[22:34:57] [Render thread/INFO] (Minecraft) Created: 2048x2048x4 minecraft:textures/atlas/blocks.png-atlas
[22:34:57] [Render thread/INFO] (Minecraft) Created: 256x128x4 minecraft:textures/atlas/signs.png-atlas
[22:34:57] [Render thread/INFO] (Minecraft) Created: 1024x512x4 minecraft:textures/atlas/banner_patterns.png-atlas
[22:34:57] [Render thread/INFO] (Minecraft) Created: 1024x512x4 minecraft:textures/atlas/shield_patterns.png-atlas
[22:34:57] [Render thread/INFO] (Minecraft) Created: 256x256x4 minecraft:textures/atlas/chest.png-atlas
[22:34:57] [Render thread/INFO] (Minecraft) Created: 512x256x4 minecraft:textures/atlas/beds.png-atlas
[22:34:57] [Render thread/INFO] (Minecraft) Created: 512x256x4 minecraft:textures/atlas/shulker_boxes.png-atlas
[22:34:58] [Render thread/INFO] (Minecraft) Created: 512x256x0 minecraft:textures/atlas/particles.png-atlas
[22:34:58] [Render thread/INFO] (Minecraft) Created: 256x256x0 minecraft:textures/atlas/paintings.png-atlas
[22:34:58] [Render thread/INFO] (Minecraft) Created: 256x128x0 minecraft:textures/atlas/mob_effects.png-atlas
[22:34:58] [Render thread/INFO] (Backend) Loaded all shader sources.
