[Architectury Transformer] Architectury Runtime 5.2.72
[Architectury Transformer DEBUG] Closed File Systems for C:\Users\yacko\Documents\VS2_Buggy\common\build\devlibs\buggy-1.0.0-beta.1-dev.jar
[Architectury Transformer DEBUG] Preparing tiny remapper prepared transformer: dev.architectury.transformer.handler.TinyRemapperPreparedTransformerHandler
[Architectury Transformer DEBUG] Provided 94 classpath jar(s):
[Architectury Transformer DEBUG]  - C:\Users\yacko\.gradle\caches\fabric-loom\1.18.2\forge\1.18.2-40.1.85\forge-client-extra.jar
[Architectury Transformer DEBUG]  - C:\Users\yacko\.gradle\caches\modules-2\files-2.1\org.jetbrains.kotlin\kotlin-stdlib-jdk8\1.7.21\5407c3593c58860cec5ee3f66c468396b42f4c2b\kotlin-stdlib-jdk8-1.7.21.jar
[Architectury Transformer DEBUG]  - C:\Users\yacko\.gradle\caches\modules-2\files-2.1\dev.architectury\architectury-injectables\1.0.10\62db2a366d662606d1b23ad02ccc3212ed37ec3\architectury-injectables-1.0.10.jar
[Architectury Transformer DEBUG]  - C:\Users\yacko\.gradle\caches\modules-2\files-2.1\net.fabricmc\fabric-loader\0.14.17\7b875f1276f3005ab1956c54a0bffded6558c16b\fabric-loader-0.14.17.jar
[Architectury Transformer DEBUG]  - C:\Users\yacko\.gradle\caches\modules-2\files-2.1\org.jetbrains.kotlin\kotlin-stdlib-jdk7\1.7.21\a0ba09615c2213d580315e234b3febfea25b757e\kotlin-stdlib-jdk7-1.7.21.jar
[Architectury Transformer DEBUG]  - C:\Users\yacko\.gradle\caches\modules-2\files-2.1\org.jetbrains.kotlin\kotlin-stdlib\1.7.21\1a2eaf898a0dda83037034b10a42053cf8a7caf8\kotlin-stdlib-1.7.21.jar
[Architectury Transformer DEBUG]  - C:\Users\yacko\.gradle\caches\modules-2\files-2.1\org.jetbrains\annotations\23.0.0\8cc20c07506ec18e0834947b84a864bfc094484e\annotations-23.0.0.jar
[Architectury Transformer DEBUG]  - C:\Users\yacko\.gradle\caches\transforms-3\c14a080e2323ce4f6d8d91ee1948d7a5\transformed\alfd-transformed-e5af55793a08f363e98682dc44521c83eed567b8f46cdf2f405f30dd95c287eb\javafmllanguage-1.18.2-40.1.85.jar
[Architectury Transformer DEBUG]  - C:\Users\yacko\.gradle\caches\transforms-3\f22486045f1279337e07da238a81d427\transformed\alfd-transformed-e5af55793a08f363e98682dc44521c83eed567b8f46cdf2f405f30dd95c287eb\lowcodelanguage-1.18.2-40.1.85.jar
[Architectury Transformer DEBUG]  - C:\Users\yacko\.gradle\caches\transforms-3\026d8779ea3ed2133a8dd1e90fc7691e\transformed\alfd-transformed-e5af55793a08f363e98682dc44521c83eed567b8f46cdf2f405f30dd95c287eb\mclanguage-1.18.2-40.1.85.jar
[Architectury Transformer DEBUG]  - C:\Users\yacko\.gradle\caches\transforms-3\12055a48bf11b6986313d711af4a31cd\transformed\alfd-transformed-e5af55793a08f363e98682dc44521c83eed567b8f46cdf2f405f30dd95c287eb\fmlcore-1.18.2-40.1.85.jar
[Architectury Transformer DEBUG]  - C:\Users\yacko\.gradle\caches\transforms-3\1a096e804be252698d23318ed36fe454\transformed\alfd-transformed-e5af55793a08f363e98682dc44521c83eed567b8f46cdf2f405f30dd95c287eb\fmlloader-1.18.2-40.1.85.jar
[Architectury Transformer DEBUG]  - C:\Users\yacko\.gradle\caches\transforms-3\81eb7255ff5bbae2016c9eb8a1429bf4\transformed\alfd-transformed-e5af55793a08f363e98682dc44521c83eed567b8f46cdf2f405f30dd95c287eb\JarJar-0.3.0.jar
[Architectury Transformer DEBUG]  - C:\Users\yacko\.gradle\caches\modules-2\files-2.1\com.mojang\patchy\2.2.10\da05971b07cbb379d002cf7eaec6a2048211fefc\patchy-2.2.10.jar
[Architectury Transformer DEBUG]  - C:\Users\yacko\.gradle\caches\modules-2\files-2.1\com.mojang\text2speech\1.12.4\1f618f522dbdd93218c270bcfd8f8dd84be31717\text2speech-1.12.4.jar
[Architectury Transformer DEBUG]  - C:\Users\yacko\.gradle\caches\modules-2\files-2.1\com.mojang\datafixerupper\4.1.27\a02c43824ce57c3f7a7d7e744f0d99a040398b5\datafixerupper-4.1.27.jar
[Architectury Transformer DEBUG]  - C:\Users\yacko\.gradle\caches\modules-2\files-2.1\com.mojang\authlib\3.3.39\289405e70c0917eaeac017f7fba9adb4427baa36\authlib-3.3.39.jar
[Architectury Transformer DEBUG]  - C:\Users\yacko\.gradle\caches\modules-2\files-2.1\com.google.guava\guava\31.0.1-jre\119ea2b2bc205b138974d351777b20f02b92704b\guava-31.0.1-jre.jar
[Architectury Transformer DEBUG]  - C:\Users\yacko\.gradle\caches\modules-2\files-2.1\com.google.code.findbugs\jsr305\3.0.2\25ea2e8b0c338a877313bd4672d3fe056ea78f0d\jsr305-3.0.2.jar
[Architectury Transformer DEBUG]  - C:\Users\yacko\.gradle\caches\transforms-3\c8870a0b71e1ebb5953ce8d90aa5eccb\transformed\alfd-transformed-e5af55793a08f363e98682dc44521c83eed567b8f46cdf2f405f30dd95c287eb\coremods-5.0.2.jar
[Architectury Transformer DEBUG]  - C:\Users\yacko\.gradle\caches\transforms-3\f97943d0b58b195c9ed7badaaecbe29e\transformed\alfd-transformed-e5af55793a08f363e98682dc44521c83eed567b8f46cdf2f405f30dd95c287eb\forgespi-4.0.15-4.x.jar
[Architectury Transformer DEBUG]  - C:\Users\yacko\.gradle\caches\transforms-3\84bb6635519a1c32fbba492af4b3e1d7\transformed\alfd-transformed-e5af55793a08f363e98682dc44521c83eed567b8f46cdf2f405f30dd95c287eb\accesstransformers-8.0.4.jar
[Architectury Transformer DEBUG]  - C:\Users\yacko\.gradle\caches\transforms-3\0d0917a1d90b4ffc05cfce18bc207543\transformed\alfd-transformed-e5af55793a08f363e98682dc44521c83eed567b8f46cdf2f405f30dd95c287eb\eventbus-5.0.7.jar
[Architectury Transformer DEBUG]  - C:\Users\yacko\.gradle\caches\transforms-3\53bf618b468ab1a569f9bb7fc2da6faa\transformed\alfd-transformed-e5af55793a08f363e98682dc44521c83eed567b8f46cdf2f405f30dd95c287eb\modlauncher-9.1.3.jar
[Architectury Transformer DEBUG]  - C:\Users\yacko\.gradle\caches\transforms-3\17c508a348ae264d2b913b0073f46bdb\transformed\alfd-transformed-e5af55793a08f363e98682dc44521c83eed567b8f46cdf2f405f30dd95c287eb\bootstraplauncher-1.0.0.jar
[Architectury Transformer DEBUG]  - C:\Users\yacko\.gradle\caches\transforms-3\3c890ba01901d9e6fdf025b51da8f4a2\transformed\alfd-transformed-e5af55793a08f363e98682dc44521c83eed567b8f46cdf2f405f30dd95c287eb\securejarhandler-1.0.5.jar
[Architectury Transformer DEBUG]  - C:\Users\yacko\.gradle\caches\transforms-3\c1605971ed4ce2a1c3b13624ad9e50a5\transformed\alfd-transformed-e5af55793a08f363e98682dc44521c83eed567b8f46cdf2f405f30dd95c287eb\nashorn-core-15.3.jar
[Architectury Transformer DEBUG]  - C:\Users\yacko\.gradle\caches\transforms-3\3be97c70983f58aed8fd7960e1543d36\transformed\alfd-transformed-e5af55793a08f363e98682dc44521c83eed567b8f46cdf2f405f30dd95c287eb\asm-commons-9.2.jar
[Architectury Transformer DEBUG]  - C:\Users\yacko\.gradle\caches\transforms-3\93a745937859db5c85bd1d3029467bde\transformed\alfd-transformed-e5af55793a08f363e98682dc44521c83eed567b8f46cdf2f405f30dd95c287eb\asm-util-9.2.jar
[Architectury Transformer DEBUG]  - C:\Users\yacko\.gradle\caches\transforms-3\108911c50fdf63d671923998ff550503\transformed\alfd-transformed-e5af55793a08f363e98682dc44521c83eed567b8f46cdf2f405f30dd95c287eb\asm-analysis-9.2.jar
[Architectury Transformer DEBUG]  - C:\Users\yacko\.gradle\caches\transforms-3\622f7711a1f27f39f7501ce0f45e6d34\transformed\alfd-transformed-e5af55793a08f363e98682dc44521c83eed567b8f46cdf2f405f30dd95c287eb\asm-tree-9.2.jar
[Architectury Transformer DEBUG]  - C:\Users\yacko\.gradle\caches\transforms-3\39a51dc62b1942a4cc4679d597b40ec8\transformed\alfd-transformed-e5af55793a08f363e98682dc44521c83eed567b8f46cdf2f405f30dd95c287eb\asm-9.2.jar
[Architectury Transformer DEBUG]  - C:\Users\yacko\.gradle\caches\modules-2\files-2.1\org.antlr\antlr4\4.9.1\e92af8ab33e428461927b484e90bb155a4f3a052\antlr4-4.9.1.jar
[Architectury Transformer DEBUG]  - C:\Users\yacko\.gradle\caches\transforms-3\7d2ab7ea546ba634b9f0f53e13c179b4\transformed\alfd-transformed-e5af55793a08f363e98682dc44521c83eed567b8f46cdf2f405f30dd95c287eb\antlr4-runtime-4.9.1.jar
[Architectury Transformer DEBUG]  - C:\Users\yacko\.gradle\caches\transforms-3\f5f1300e59dc2cdbf780e15ed979d644\transformed\alfd-transformed-e5af55793a08f363e98682dc44521c83eed567b8f46cdf2f405f30dd95c287eb\unsafe-0.2.0.jar
[Architectury Transformer DEBUG]  - C:\Users\yacko\.gradle\caches\transforms-3\0c1e336ff0bf83456d9b8cd94a4f2527\transformed\alfd-transformed-e5af55793a08f363e98682dc44521c83eed567b8f46cdf2f405f30dd95c287eb\toml-3.6.4.jar
[Architectury Transformer DEBUG]  - C:\Users\yacko\.gradle\caches\transforms-3\0019da0a6194af7182d661a48c398451\transformed\alfd-transformed-e5af55793a08f363e98682dc44521c83eed567b8f46cdf2f405f30dd95c287eb\core-3.6.4.jar
[Architectury Transformer DEBUG]  - C:\Users\yacko\.gradle\caches\transforms-3\dfbad5059741478b55696e8dd2fd2a23\transformed\alfd-transformed-e5af55793a08f363e98682dc44521c83eed567b8f46cdf2f405f30dd95c287eb\maven-artifact-3.8.1.jar
[Architectury Transformer DEBUG]  - C:\Users\yacko\.gradle\caches\transforms-3\c436fdbc39881ef387f12a3162c7bc8c\transformed\alfd-transformed-e5af55793a08f363e98682dc44521c83eed567b8f46cdf2f405f30dd95c287eb\typetools-0.8.3.jar
[Architectury Transformer DEBUG]  - C:\Users\yacko\.gradle\caches\transforms-3\9d9ed39797c8022dc454aeef137db0e2\transformed\alfd-transformed-e5af55793a08f363e98682dc44521c83eed567b8f46cdf2f405f30dd95c287eb\terminalconsoleappender-1.2.0.jar
[Architectury Transformer DEBUG]  - C:\Users\yacko\.gradle\caches\transforms-3\ec8b48151d91fc84f535a18800e05101\transformed\alfd-transformed-e5af55793a08f363e98682dc44521c83eed567b8f46cdf2f405f30dd95c287eb\jline-reader-3.12.1.jar
[Architectury Transformer DEBUG]  - C:\Users\yacko\.gradle\caches\transforms-3\5c4c2799d9a24035b8c17a9e42b49061\transformed\alfd-transformed-e5af55793a08f363e98682dc44521c83eed567b8f46cdf2f405f30dd95c287eb\jline-terminal-3.12.1.jar
[Architectury Transformer DEBUG]  - C:\Users\yacko\.gradle\caches\transforms-3\d3f19e389967b94e20eba743960ed6be\transformed\alfd-transformed-e5af55793a08f363e98682dc44521c83eed567b8f46cdf2f405f30dd95c287eb\mixin-patched-0.8.5.8.jar
[Architectury Transformer DEBUG]  - C:\Users\yacko\.gradle\caches\modules-2\files-2.1\dev.architectury\architectury-loom-runtime\1.1.3\5ca1d9609c1bdd10a3162a9e2d211a95ca79740e\architectury-loom-runtime-1.1.3.jar
[Architectury Transformer DEBUG]  - C:\Users\yacko\.gradle\caches\modules-2\files-2.1\io.github.juuxel\unprotect\1.2.0\49cc229a0469f28fae41593a9537743ac6a951dc\unprotect-1.2.0.jar
[Architectury Transformer DEBUG]  - C:\Users\yacko\.gradle\caches\modules-2\files-2.1\com.github.SuperCraftAlex\LIBRARY-UnifiedVectors\cac439d176\ad719bf86b77227259003f35babd27083632a62e\LIBRARY-UnifiedVectors-cac439d176.jar
[Architectury Transformer DEBUG]  - C:\Users\yacko\.gradle\caches\modules-2\files-2.1\org.valkyrienskies.core\api\1.1.0+c92814e9b7\20638c20ce6e6b5d4436010a62fc3ee4e1fa10ef\api-1.1.0+c92814e9b7.jar
[Architectury Transformer DEBUG]  - C:\Users\yacko\.gradle\caches\modules-2\files-2.1\com.mojang\blocklist\1.0.10\5c685c5ffa94c4cd39496c7184c1d122e515ecef\blocklist-1.0.10.jar
[Architectury Transformer DEBUG]  - C:\Users\yacko\.gradle\caches\modules-2\files-2.1\com.ibm.icu\icu4j\70.1\dfa3a1fbc55bf5db8c6e79fc0935ac7ab1202950\icu4j-70.1.jar
[Architectury Transformer DEBUG]  - C:\Users\yacko\.gradle\caches\modules-2\files-2.1\org.apache.httpcomponents\httpclient\4.5.13\e5f6cae5ca7ecaac1ec2827a9e2d65ae2869cada\httpclient-4.5.13.jar
[Architectury Transformer DEBUG]  - C:\Users\yacko\.gradle\caches\modules-2\files-2.1\commons-codec\commons-codec\1.15\49d94806b6e3dc933dacbd8acb0fdbab8ebd1e5d\commons-codec-1.15.jar
[Architectury Transformer DEBUG]  - C:\Users\yacko\.gradle\caches\modules-2\files-2.1\org.apache.commons\commons-compress\1.21\4ec95b60d4e86b5c95a0e919cb172a0af98011ef\commons-compress-1.21.jar
[Architectury Transformer DEBUG]  - C:\Users\yacko\.gradle\caches\modules-2\files-2.1\commons-logging\commons-logging\1.2\4bfc12adfe4842bf07b657f0369c4cb522955686\commons-logging-1.2.jar
[Architectury Transformer DEBUG]  - C:\Users\yacko\.gradle\caches\modules-2\files-2.1\org.apache.httpcomponents\httpcore\4.4.14\9dd1a631c082d92ecd4bd8fd4cf55026c720a8c1\httpcore-4.4.14.jar
[Architectury Transformer DEBUG]  - C:\Users\yacko\.gradle\caches\modules-2\files-2.1\org.lwjgl\lwjgl-jemalloc\3.2.2\ee8e57a79300f78294576d87c4a587f8c99402e2\lwjgl-jemalloc-3.2.2.jar
[Architectury Transformer DEBUG]  - C:\Users\yacko\.gradle\caches\modules-2\files-2.1\org.lwjgl\lwjgl-openal\3.2.2\2b772a102b0a11ee5f2109a5b136f4dc7c630827\lwjgl-openal-3.2.2.jar
[Architectury Transformer DEBUG]  - C:\Users\yacko\.gradle\caches\modules-2\files-2.1\org.lwjgl\lwjgl-opengl\3.2.2\6ac5bb88b44c43ea195a570aab059f63da004cd8\lwjgl-opengl-3.2.2.jar
[Architectury Transformer DEBUG]  - C:\Users\yacko\.gradle\caches\modules-2\files-2.1\org.lwjgl\lwjgl-glfw\3.2.2\d3ad4df38e400b8afba1de63f84338809399df5b\lwjgl-glfw-3.2.2.jar
[Architectury Transformer DEBUG]  - C:\Users\yacko\.gradle\caches\modules-2\files-2.1\org.lwjgl\lwjgl-stb\3.2.2\3b8e6ebc5851dd3d17e37e5cadce2eff2a429f0f\lwjgl-stb-3.2.2.jar
[Architectury Transformer DEBUG]  - C:\Users\yacko\.gradle\caches\modules-2\files-2.1\org.lwjgl\lwjgl-tinyfd\3.2.2\fcbe606c8f8da6f8f9a05e2c540eb1ee8632b0e9\lwjgl-tinyfd-3.2.2.jar
[Architectury Transformer DEBUG]  - C:\Users\yacko\.gradle\caches\modules-2\files-2.1\org.lwjgl\lwjgl\3.2.2\8ad6294407e15780b43e84929c40e4c5e997972e\lwjgl-3.2.2.jar
[Architectury Transformer DEBUG]  - C:\Users\yacko\Documents\VS2_Buggy\.gradle\loom-cache\1.18.2\loom.mappings.1_18_2.layered+hash.1101543159-v2-forge-1.18.2-40.1.85\forge-1.18.2-40.1.85-minecraft-project-@forge-merged-named.jar
[Architectury Transformer DEBUG]  - C:\Users\yacko\.gradle\caches\modules-2\files-2.1\com.mojang\logging\1.0.0\f6ca3b2eee0b80b384e8ed93d368faecb82dfb9b\logging-1.0.0.jar
[Architectury Transformer DEBUG]  - C:\Users\yacko\.gradle\caches\modules-2\files-2.1\com.github.oshi\oshi-core\5.8.5\1d0ec654d820741327f5a9229d513732a4b7ce50\oshi-core-5.8.5.jar
[Architectury Transformer DEBUG]  - C:\Users\yacko\.gradle\caches\modules-2\files-2.1\net.java.dev.jna\jna-platform\5.10.0\fbed7d9669dba47714ad0d4f4454290a997aee69\jna-platform-5.10.0.jar
[Architectury Transformer DEBUG]  - C:\Users\yacko\.gradle\caches\modules-2\files-2.1\ca.weblite\java-objc-bridge\1.0.0\6ef160c3133a78de015830860197602ca1c855d3\java-objc-bridge-1.0.0.jar
[Architectury Transformer DEBUG]  - C:\Users\yacko\.gradle\caches\modules-2\files-2.1\net.java.dev.jna\jna\5.10.0\7cf4c87dd802db50721db66947aa237d7ad09418\jna-5.10.0.jar
[Architectury Transformer DEBUG]  - C:\Users\yacko\.gradle\caches\modules-2\files-2.1\org.apache.logging.log4j\log4j-slf4j18-impl\2.17.0\bd7f6c0b9224dd214afb4e684957e2349b529a8d\log4j-slf4j18-impl-2.17.0.jar
[Architectury Transformer DEBUG]  - C:\Users\yacko\.gradle\caches\modules-2\files-2.1\com.machinezoo.noexception\noexception\1.7.1\b65330c98e38a1f915fa54a6e5eca496505e3f0a\noexception-1.7.1.jar
[Architectury Transformer DEBUG]  - C:\Users\yacko\.gradle\caches\modules-2\files-2.1\org.slf4j\slf4j-simple\1.7.30\e606eac955f55ecf1d8edcccba04eb8ac98088dd\slf4j-simple-1.7.30.jar
[Architectury Transformer DEBUG]  - C:\Users\yacko\.gradle\caches\modules-2\files-2.1\org.slf4j\slf4j-api\1.8.0-beta4\83b0359d847ee053d745be7ec0d8e9e8a44304b4\slf4j-api-1.8.0-beta4.jar
[Architectury Transformer DEBUG]  - C:\Users\yacko\.gradle\caches\modules-2\files-2.1\com.mojang\javabridge\1.2.24\c876796229b2ef5120f186eab5acc870699d3b9\javabridge-1.2.24.jar
[Architectury Transformer DEBUG]  - C:\Users\yacko\.gradle\caches\modules-2\files-2.1\net.sf.jopt-simple\jopt-simple\5.0.4\4fdac2fbe92dfad86aa6e9301736f6b4342a3f5c\jopt-simple-5.0.4.jar
[Architectury Transformer DEBUG]  - C:\Users\yacko\.gradle\caches\modules-2\files-2.1\io.netty\netty-all\4.1.68.Final\b8266a3c93c1c051109f71d3449e5dcd5d60b333\netty-all-4.1.68.Final.jar
[Architectury Transformer DEBUG]  - C:\Users\yacko\.gradle\caches\modules-2\files-2.1\com.google.guava\failureaccess\1.0.1\1dcf1de382a0bf95a3d8b0849546c88bac1292c9\failureaccess-1.0.1.jar
[Architectury Transformer DEBUG]  - C:\Users\yacko\.gradle\caches\modules-2\files-2.1\org.apache.commons\commons-lang3\3.12.0\c6842c86792ff03b9f1d1fe2aab8dc23aa6c6f0e\commons-lang3-3.12.0.jar
[Architectury Transformer DEBUG]  - C:\Users\yacko\.gradle\caches\modules-2\files-2.1\commons-io\commons-io\2.11.0\a2503f302b11ebde7ebc3df41daebe0e4eea3689\commons-io-2.11.0.jar
[Architectury Transformer DEBUG]  - C:\Users\yacko\.gradle\caches\modules-2\files-2.1\com.mojang\brigadier\1.0.18\c1ef1234282716483c92183f49bef47b1a89bfa9\brigadier-1.0.18.jar
[Architectury Transformer DEBUG]  - C:\Users\yacko\.gradle\caches\modules-2\files-2.1\com.google.code.gson\gson\2.8.9\8a432c1d6825781e21a02db2e2c33c5fde2833b9\gson-2.8.9.jar
[Architectury Transformer DEBUG]  - C:\Users\yacko\.gradle\caches\modules-2\files-2.1\it.unimi.dsi\fastutil\8.5.6\76f95700418a68fbc4ac050525261f05dc681ca1\fastutil-8.5.6.jar
[Architectury Transformer DEBUG]  - C:\Users\yacko\.gradle\caches\modules-2\files-2.1\org.apache.logging.log4j\log4j-core\2.17.1\779f60f3844dadc3ef597976fcb1e5127b1f343d\log4j-core-2.17.1.jar
[Architectury Transformer DEBUG]  - C:\Users\yacko\.gradle\caches\modules-2\files-2.1\org.apache.logging.log4j\log4j-api\2.17.1\d771af8e336e372fb5399c99edabe0919aeaf5b2\log4j-api-2.17.1.jar
[Architectury Transformer DEBUG]  - C:\Users\yacko\Documents\VS2_Buggy\.gradle\loom-cache\remapped_mods\loom_mappings_1_18_2_layered_hash_1101543159_v2_forge_1_18_2_40_1_85_forge\org\valkyrienskies\valkyrienskies-118-forge\2.1.0-beta.10+42a3f383c3\valkyrienskies-118-forge-2.1.0-beta.10+42a3f383c3.jar
[Architectury Transformer DEBUG]  - C:\Users\yacko\.gradle\caches\modules-2\files-2.1\org.joml\joml\1.10.5\22566d58af70ad3d72308bab63b8339906deb649\joml-1.10.5.jar
[Architectury Transformer DEBUG]  - C:\Users\yacko\.gradle\caches\modules-2\files-2.1\com.google.guava\listenablefuture\9999.0-empty-to-avoid-conflict-with-guava\b421526c5f297295adef1c886e5246c39d4ac629\listenablefuture-9999.0-empty-to-avoid-conflict-with-guava.jar
[Architectury Transformer DEBUG]  - C:\Users\yacko\.gradle\caches\modules-2\files-2.1\org.checkerframework\checker-qual\3.12.0\d5692f0526415fcc6de94bb5bfbd3afd9dd3b3e5\checker-qual-3.12.0.jar
[Architectury Transformer DEBUG]  - C:\Users\yacko\.gradle\caches\modules-2\files-2.1\com.google.errorprone\error_prone_annotations\2.7.1\458d9042f7aa6fa9a634df902b37f544e15aacac\error_prone_annotations-2.7.1.jar
[Architectury Transformer DEBUG]  - C:\Users\yacko\.gradle\caches\modules-2\files-2.1\com.google.j2objc\j2objc-annotations\1.3\ba035118bc8bac37d7eff77700720999acd9986d\j2objc-annotations-1.3.jar
[Architectury Transformer DEBUG]  - C:\Users\yacko\.gradle\caches\modules-2\files-2.1\org.jetbrains.kotlin\kotlin-stdlib-common\1.7.21\cb02257de8e13e8498f8e2f69f742f2d438e794d\kotlin-stdlib-common-1.7.21.jar
[Architectury Transformer DEBUG]  - C:\Users\yacko\.gradle\caches\modules-2\files-2.1\org.antlr\ST4\4.3\92f2c1ad8d84abcbeead6cf7f2c53a04166293c2\ST4-4.3.jar
[Architectury Transformer DEBUG]  - C:\Users\yacko\.gradle\caches\modules-2\files-2.1\org.antlr\antlr-runtime\3.5.2\cd9cd41361c155f3af0f653009dcecb08d8b4afd\antlr-runtime-3.5.2.jar
[Architectury Transformer DEBUG]  - C:\Users\yacko\.gradle\caches\modules-2\files-2.1\org.abego.treelayout\org.abego.treelayout.core\1.0.3\457216e8e6578099ae63667bb1e4439235892028\org.abego.treelayout.core-1.0.3.jar
[Architectury Transformer DEBUG]  - C:\Users\yacko\.gradle\caches\modules-2\files-2.1\org.glassfish\javax.json\1.0.4\3178f73569fd7a1e5ffc464e680f7a8cc784b85a\javax.json-1.0.4.jar
[Architectury Transformer DEBUG]  - C:\Users\yacko\.gradle\caches\modules-2\files-2.1\org.codehaus.plexus\plexus-utils\3.2.1\13b015768e0d04849d2794e4c47eb02d01a0de32\plexus-utils-3.2.1.jar
[Architectury Transformer] Read classpath in 1.453 s
[Architectury Transformer DEBUG] Closed File Systems for C:\Users\yacko\Documents\VS2_Buggy\common\build\devlibs\buggy-1.0.0-beta.1-dev.jar
[Architectury Transformer DEBUG] Transforming 8 transformer(s) from C:\Users\yacko\Documents\VS2_Buggy\common\build\devlibs\buggy-1.0.0-beta.1-dev.jar to C:\Users\yacko\AppData\Local\Temp\12447760633058169948.jar: 
[Architectury Transformer DEBUG]  - dev.architectury.transformer.transformers.RuntimeMixinRefmapDetector@3774ea9a
[Architectury Transformer DEBUG]  - dev.architectury.transformer.transformers.TransformExpectPlatform@1a334847
[Architectury Transformer DEBUG]  - dev.architectury.transformer.transformers.RemapInjectables@67d7f791
[Architectury Transformer DEBUG]  - dev.architectury.transformer.transformers.TransformPlatformOnly@2afaf658
[Architectury Transformer DEBUG]  - dev.architectury.transformer.transformers.TransformForgeAnnotations@3a4af9a7
[Architectury Transformer DEBUG]  - dev.architectury.transformer.transformers.TransformForgeEnvironment@3abbffd9
[Architectury Transformer DEBUG]  - dev.architectury.transformer.transformers.GenerateFakeForgeMod@6288fc60
[Architectury Transformer DEBUG]  - dev.architectury.transformer.transformers.FixForgeMixin@1fbd9e5f
[Architectury Transformer DEBUG] Transforming from C:\Users\yacko\Documents\VS2_Buggy\common\build\devlibs\buggy-1.0.0-beta.1-dev.jar to C:\Users\yacko\AppData\Local\Temp\12447760633058169948.jar with 8 transformer(s) on dev.architectury.transformer.handler.SimpleTransformerHandler
[Architectury Transformer DEBUG] Remapping with 2 mapping provider(s):
[Architectury Transformer DEBUG]  - dev.architectury.transformer.transformers.RemapInjectables$$Lambda$120/0x0000000800cc41f8@2568d45a
[Architectury Transformer DEBUG]  - dev.architectury.transformer.transformers.TransformForgeEnvironment$$Lambda$122/0x0000000800ccdc18@1bdbc878
[Architectury Transformer DEBUG] Remapping Classes:
[Architectury Transformer DEBUG] net/fabricmc/api/EnvType -> net/minecraftforge/api/distmarker/Dist
[Architectury Transformer DEBUG] net/fabricmc/api/Environment -> net/minecraftforge/api/distmarker/OnlyIn
[Architectury Transformer DEBUG] dev/architectury/injectables/targets/ArchitecturyTarget -> architectury_inject_vsBuggymod_forge_b2a487262af14839bb2c3198f446c10b_8ad8f0625f4bd8de42b953995ec25635c1be1ae3ee09ae49d8c5285a6a3d667bbuggy100beta1devjar/PlatformMethods
[Architectury Transformer DEBUG] Found class transformer
[Architectury Transformer DEBUG] Writing de/m_marvin/industria/core/physics/PhysicUtility with maxs=true frames=true
[Architectury Transformer DEBUG] Closed File Systems for C:\Users\yacko\AppData\Local\Temp\12447760633058169948.jar
